2015/10/18 00:00:42.405: Load Data End: acc:FSF01, mask:2 
2015/10/18 00:00:42.421: Load Data End: acc:FSF01, mask:4 
2015/10/18 00:00:42.437: Load Data End: acc:FSF01, mask:8 
2015/10/18 00:00:43.296: Load Data End: acc:FSF01, mask:2 
2015/10/18 00:00:43.312: Load Data End: acc:FSF01, mask:4 
2015/10/18 00:00:43.327: Load Data End: acc:FSF01, mask:8 
2015/10/18 00:00:43.421: Load Data End: acc:FSF01, mask:2 
2015/10/18 00:00:43.437: Load Data End: acc:FSF01, mask:4 
2015/10/18 00:00:43.452: Load Data End: acc:FSF01, mask:8 
2015/10/18 00:02:45.022: Load Data End: acc:FSF01, mask:2 
2015/10/18 00:02:45.038: Load Data End: acc:FSF01, mask:4 
2015/10/18 00:02:45.054: Load Data End: acc:FSF01, mask:8 
2015/10/18 00:05:00.857: Load Data End: acc:FSF01, mask:2 
2015/10/18 00:05:00.872: Load Data End: acc:FSF01, mask:4 
2015/10/18 00:05:00.888: Load Data End: acc:FSF01, mask:8 
2015/10/18 00:26:11.115: PServer Login Status: HostId#83, Stat=0 
2015/10/18 00:26:11.117: PServer Login Status: HostId#83, Stat=1 
2015/10/18 00:26:11.132: PServer Login Status: HostId#87, Stat=0 
2015/10/18 00:26:11.132: PServer Login Status: HostId#88, Stat=0 
2015/10/18 00:26:11.134: PServer Login Status: HostId#87, Stat=1 
2015/10/18 00:26:11.139: PServer Login Status: HostId#88, Stat=1 
2015/10/18 00:26:11.225: PServer Login Status: HostId#88, Stat=4 
2015/10/18 00:26:11.256: PServer Login Status: HostId#83, Stat=4 
2015/10/18 00:26:11.271: PServer Login Status: HostId#87, Stat=4 
2015/10/18 00:26:11.381: PServer Login Status: HostId#88, Stat=8 
2015/10/18 00:26:11.397: PServer Login Status: HostId#88, Stat=0 
2015/10/18 00:26:11.506: PServer Login Status: HostId#83, Stat=8 
2015/10/18 00:26:11.537: PServer Login Status: HostId#83, Stat=0 
2015/10/18 00:26:11.538: PServer Login Status: HostId#87, Stat=8 
2015/10/18 00:26:11.554: PServer Login Status: HostId#87, Stat=0 
2015/10/18 03:21:01.400: Start Logout ... 
2015/10/18 03:21:01.401: TServer Login Status: 0 
2015/10/18 03:21:01.407: Start Connect (Host: 10.68.89.2:8080)... 
2015/10/18 03:21:01.407: TServer Login Status: 1 
2015/10/18 03:21:01.463: TServer Login Status: 2 
2015/10/18 03:21:01.464: TServer Login Status: 4 
2015/10/18 03:21:01.464: Logging in ... 
2015/10/18 03:21:01.494: PServer Login Status: HostId#83, Stat=11 
2015/10/18 03:21:01.495: PServer Login Status: HostId#87, Stat=11 
2015/10/18 03:21:01.496: PServer Login Status: HostId#88, Stat=11 
2015/10/18 03:21:01.497: TServer Login Status: 5 
2015/10/18 03:21:01.497: Login OK (Host:4ùn)! 
2015/10/18 03:21:01.498: Account OK! 
2015/10/18 03:21:02.056: Load Data End: acc:, mask:128 
2015/10/18 03:21:04.041: Load Data End: acc:FSF01, mask:64 
2015/10/18 03:21:04.119: Load Data End: acc:FSF01, mask:2 
2015/10/18 03:21:04.135: Load Data End: acc:FSF01, mask:4 
2015/10/18 03:21:04.150: Load Data End: acc:FSF01, mask:8 
2015/10/18 03:21:04.166: PServer Login Status: HostId#83, Stat=1 
2015/10/18 03:21:04.182: PServer Login Status: HostId#87, Stat=1 
2015/10/18 03:21:04.197: PServer Login Status: HostId#88, Stat=1 
2015/10/18 03:21:04.213: Load Data Reply: acc:FSF01, mask:256, return:0 
2015/10/18 03:21:04.306: PServer Login Status: HostId#83, Stat=4 
2015/10/18 03:21:04.322: PServer Login Status: HostId#87, Stat=4 
2015/10/18 03:21:04.338: PServer Login Status: HostId#88, Stat=4 
2015/10/18 03:21:04.541: PServer Login Status: HostId#83, Stat=5 
2015/10/18 03:21:04.546: PServer Login Status: HostId#87, Stat=5 
2015/10/18 03:21:04.558: PServer Login Status: HostId#88, Stat=5 
2015/10/18 03:21:07.400: Load Data End: acc:FSF01, mask:2 
2015/10/18 03:21:07.416: Load Data End: acc:FSF01, mask:4 
2015/10/18 03:21:07.431: Load Data End: acc:FSF01, mask:8 
2015/10/18 03:21:09.806: Load Data End: acc:FSF01, mask:2 
2015/10/18 03:21:09.822: Load Data End: acc:FSF01, mask:4 
2015/10/18 03:21:09.837: Load Data End: acc:FSF01, mask:8 
2015/10/18 07:11:11.797: Load Data End: acc:FSF01, mask:2 
2015/10/18 07:11:11.812: Load Data End: acc:FSF01, mask:4 
2015/10/18 07:11:11.828: Load Data End: acc:FSF01, mask:8 
2015/10/18 07:11:12.234: Load Data End: acc:FSF01, mask:2 
2015/10/18 07:11:12.250: Load Data End: acc:FSF01, mask:4 
2015/10/18 07:11:12.265: Load Data End: acc:FSF01, mask:8 
2015/10/18 08:11:24.397: Load Data End: acc:FSF01, mask:2 
2015/10/18 08:11:24.413: Load Data End: acc:FSF01, mask:4 
2015/10/18 08:11:24.429: Load Data End: acc:FSF01, mask:8 
2015/10/18 08:11:25.038: Load Data End: acc:FSF01, mask:2 
2015/10/18 08:11:25.054: Load Data End: acc:FSF01, mask:4 
2015/10/18 08:11:25.069: Load Data End: acc:FSF01, mask:8 
2015/10/18 08:22:08.140: PServer Login Status: HostId#83, Stat=6 
2015/10/18 08:22:08.145: PServer Login Status: HostId#87, Stat=6 
2015/10/18 08:22:08.146: PServer Login Status: HostId#88, Stat=6 
2015/10/18 08:22:08.146: Start Logout ... 
2015/10/18 08:22:08.147: TServer Login Status: 0 
2015/10/18 08:22:08.148: Start Connect (Host: 10.68.89.2:8080)... 
2015/10/18 08:22:08.149: TServer Login Status: 1 
2015/10/18 08:22:08.218: PServer Login Status: HostId#83, Stat=7 
2015/10/18 08:22:08.233: TServer Login Status: 2 
2015/10/18 08:22:08.234: TServer Login Status: 4 
2015/10/18 08:22:08.235: Logging in ... 
2015/10/18 08:22:08.238: PServer Login Status: HostId#87, Stat=7 
2015/10/18 08:22:08.239: PServer Login Status: HostId#88, Stat=7 
2015/10/18 08:22:08.265: TServer Login Status: 5 
2015/10/18 08:22:08.266: Login OK (Host: f8lùn é’|`)! 
2015/10/18 08:22:08.267: Account OK! 
2015/10/18 08:22:08.312: PServer Login Status: HostId#83, Stat=0 
2015/10/18 08:22:08.327: PServer Login Status: HostId#87, Stat=0 
2015/10/18 08:22:08.327: PServer Login Status: HostId#88, Stat=0 
2015/10/18 08:22:08.858: Load Data End: acc:, mask:128 
2015/10/18 08:22:10.842: Load Data End: acc:FSF01, mask:64 
2015/10/18 08:22:10.921: Load Data End: acc:FSF01, mask:2 
2015/10/18 08:22:10.936: Load Data End: acc:FSF01, mask:4 
2015/10/18 08:22:10.952: Load Data End: acc:FSF01, mask:8 
2015/10/18 08:22:10.967: Load Data Reply: acc:FSF01, mask:256, return:0 
2015/10/18 08:22:13.889: Load Data End: acc:FSF01, mask:2 
2015/10/18 08:22:13.904: Load Data End: acc:FSF01, mask:4 
2015/10/18 08:22:13.920: Load Data End: acc:FSF01, mask:8 
2015/10/18 08:22:16.295: Load Data End: acc:FSF01, mask:2 
2015/10/18 08:22:16.311: Load Data End: acc:FSF01, mask:4 
2015/10/18 08:22:16.326: Load Data End: acc:FSF01, mask:8 
2015/10/18 13:09:59.375: Start Logout ... 
2015/10/18 13:09:59.375: TServer Login Status: 0 
2015/10/18 13:09:59.377: Start Connect (Host: 10.68.89.2:8080)... 
2015/10/18 13:09:59.377: TServer Login Status: 1 
2015/10/18 13:09:59.484: TServer Login Status: 2 
2015/10/18 13:09:59.485: TServer Login Status: 4 
2015/10/18 13:09:59.485: Logging in ... 
2015/10/18 13:09:59.515: PServer Login Status: HostId#83, Stat=11 
2015/10/18 13:09:59.516: PServer Login Status: HostId#87, Stat=11 
2015/10/18 13:09:59.521: PServer Login Status: HostId#88, Stat=11 
2015/10/18 13:09:59.522: TServer Login Status: 5 
2015/10/18 13:09:59.523: Login OK (Host:4ùn)! 
2015/10/18 13:09:59.524: Account OK! 
2015/10/18 13:10:00.078: Load Data End: acc:, mask:128 
2015/10/18 13:10:02.064: Load Data End: acc:FSF01, mask:64 
2015/10/18 13:10:02.140: Load Data End: acc:FSF01, mask:2 
2015/10/18 13:10:02.156: Load Data End: acc:FSF01, mask:4 
2015/10/18 13:10:02.171: Load Data End: acc:FSF01, mask:8 
2015/10/18 13:10:02.187: PServer Login Status: HostId#83, Stat=1 
2015/10/18 13:10:02.203: PServer Login Status: HostId#87, Stat=1 
2015/10/18 13:10:02.234: PServer Login Status: HostId#88, Stat=1 
2015/10/18 13:10:02.249: Load Data Reply: acc:FSF01, mask:256, return:0 
2015/10/18 13:10:02.265: PServer Login Status: HostId#83, Stat=4 
2015/10/18 13:10:02.281: PServer Login Status: HostId#87, Stat=4 
2015/10/18 13:10:02.312: PServer Login Status: HostId#88, Stat=4 
2015/10/18 13:10:02.374: PServer Login Status: HostId#83, Stat=5 
2015/10/18 13:10:02.390: PServer Login Status: HostId#87, Stat=5 
2015/10/18 13:10:02.421: PServer Login Status: HostId#88, Stat=5 
2015/10/18 13:10:05.484: Load Data End: acc:FSF01, mask:2 
2015/10/18 13:10:05.499: Load Data End: acc:FSF01, mask:4 
2015/10/18 13:10:05.515: Load Data End: acc:FSF01, mask:8 
2015/10/18 13:10:07.015: Load Data End: acc:FSF01, mask:2 
2015/10/18 13:10:07.030: Load Data End: acc:FSF01, mask:4 
2015/10/18 13:10:07.046: Load Data End: acc:FSF01, mask:8 
2015/10/18 18:24:28.703: PServer Login Status: HostId#83, Stat=6 
2015/10/18 18:24:28.704: PServer Login Status: HostId#87, Stat=6 
2015/10/18 18:24:28.705: PServer Login Status: HostId#88, Stat=6 
2015/10/18 18:24:28.705: Start Logout ... 
2015/10/18 18:24:28.706: TServer Login Status: 0 
2015/10/18 18:24:28.710: Start Connect (Host: 10.68.89.2:8080)... 
2015/10/18 18:24:28.711: TServer Login Status: 1 
2015/10/18 18:24:28.781: TServer Login Status: 2 
2015/10/18 18:24:28.783: TServer Login Status: 4 
2015/10/18 18:24:28.783: Logging in ... 
2015/10/18 18:24:28.827: TServer Login Status: 5 
2015/10/18 18:24:28.828: Login OK (Host:4ùn)! 
2015/10/18 18:24:28.829: Account OK! 
2015/10/18 18:24:28.859: PServer Login Status: HostId#83, Stat=7 
2015/10/18 18:24:28.859: PServer Login Status: HostId#87, Stat=7 
2015/10/18 18:24:28.860: PServer Login Status: HostId#88, Stat=7 
2015/10/18 18:24:29.015: PServer Login Status: HostId#83, Stat=0 
2015/10/18 18:24:29.015: PServer Login Status: HostId#87, Stat=0 
2015/10/18 18:24:29.030: PServer Login Status: HostId#88, Stat=0 
2015/10/18 18:24:29.406: Load Data End: acc:, mask:128 
2015/10/18 18:24:31.390: Load Data End: acc:FSF01, mask:64 
2015/10/18 18:24:31.468: Load Data End: acc:FSF01, mask:2 
2015/10/18 18:24:31.483: Load Data End: acc:FSF01, mask:4 
2015/10/18 18:24:31.499: Load Data End: acc:FSF01, mask:8 
2015/10/18 18:24:31.515: Load Data Reply: acc:FSF01, mask:256, return:0 
2015/10/18 18:24:34.515: Load Data End: acc:FSF01, mask:2 
2015/10/18 18:24:34.530: Load Data End: acc:FSF01, mask:4 
2015/10/18 18:24:34.546: Load Data End: acc:FSF01, mask:8 
2015/10/18 18:24:38.014: Load Data End: acc:FSF01, mask:2 
2015/10/18 18:24:38.030: Load Data End: acc:FSF01, mask:4 
2015/10/18 18:24:38.046: Load Data End: acc:FSF01, mask:8 
