2015/10/12 11:25:30.717: Start Connect (Host: 118.143.0.253:8080)... 
2015/10/12 11:25:30.719: TServer Login Status: 1 
2015/10/12 11:25:31.047: TServer Login Status: 2 
2015/10/12 11:25:31.064: TServer Login Status: 4 
2015/10/12 11:25:31.064: Logging in ... 
2015/10/12 11:25:31.090: PServer Login Status: HostId#83, Stat=11 
2015/10/12 11:25:31.091: PServer Login Status: HostId#87, Stat=11 
2015/10/12 11:25:31.118: PServer Login Status: HostId#88, Stat=11 
2015/10/12 11:25:31.119: TServer Login Status: 5 
2015/10/12 11:25:31.120: Login OK (Host:)! 
2015/10/12 11:25:31.121: Account OK! 
2015/10/12 11:25:31.671: Load Data End: acc:, mask:128 
2015/10/12 11:25:34.109: Load Data End: acc:FORESEEFUND02, mask:64 
2015/10/12 11:25:34.156: Load Data End: acc:FORESEEFUND02, mask:2 
2015/10/12 11:25:34.171: Load Data End: acc:FORESEEFUND02, mask:4 
2015/10/12 11:25:34.187: Load Data End: acc:FORESEEFUND02, mask:8 
2015/10/12 11:25:34.203: PServer Login Status: HostId#83, Stat=1 
2015/10/12 11:25:34.221: PServer Login Status: HostId#87, Stat=1 
2015/10/12 11:25:34.234: PServer Login Status: HostId#88, Stat=1 
2015/10/12 11:25:34.250: Load Data Reply: acc:FORESEEFUND02, mask:256, return:0 
2015/10/12 11:25:55.249: PServer Login Status: HostId#83, Stat=0 
2015/10/12 11:25:55.254: PServer Login Status: HostId#87, Stat=0 
2015/10/12 11:25:55.256: PServer Login Status: HostId#88, Stat=0 
2015/10/12 11:25:55.258: PServer Login Status: HostId#83, Stat=1 
2015/10/12 11:25:55.261: PServer Login Status: HostId#87, Stat=1 
2015/10/12 11:25:55.265: PServer Login Status: HostId#88, Stat=1 
2015/10/12 11:25:55.345: PServer Login Status: HostId#83, Stat=4 
2015/10/12 11:25:55.346: PServer Login Status: HostId#87, Stat=4 
2015/10/12 11:25:55.353: PServer Login Status: HostId#88, Stat=4 
2015/10/12 11:25:55.483: PServer Login Status: HostId#83, Stat=8 
2015/10/12 11:25:55.524: PServer Login Status: HostId#87, Stat=8 
2015/10/12 11:25:55.526: PServer Login Status: HostId#88, Stat=8 
2015/10/12 11:25:55.529: PServer Login Status: HostId#83, Stat=0 
2015/10/12 11:25:55.530: PServer Login Status: HostId#87, Stat=0 
2015/10/12 11:25:55.532: PServer Login Status: HostId#88, Stat=0 
