2015/10/12 11:29:23.280: Start Connect (Host: 118.143.0.253:8080)... 
2015/10/12 11:29:23.282: TServer Login Status: 1 
2015/10/12 11:29:23.642: TServer Login Status: 2 
2015/10/12 11:29:23.644: TServer Login Status: 4 
2015/10/12 11:29:23.645: Logging in ... 
2015/10/12 11:29:23.673: PServer Login Status: HostId#83, Stat=11 
2015/10/12 11:29:23.674: PServer Login Status: HostId#87, Stat=11 
2015/10/12 11:29:23.675: PServer Login Status: HostId#88, Stat=11 
2015/10/12 11:29:23.676: TServer Login Status: 5 
2015/10/12 11:29:23.684: Login OK (Host:)! 
2015/10/12 11:29:23.686: Account OK! 
2015/10/12 11:29:24.004: Load Data End: acc:, mask:128 
2015/10/12 11:29:24.704: Load Data End: acc:TIM01, mask:64 
2015/10/12 11:29:24.782: Load Data End: acc:TIM01, mask:2 
2015/10/12 11:29:24.813: Load Data End: acc:TIM01, mask:4 
2015/10/12 11:29:24.829: Load Data End: acc:TIM01, mask:8 
2015/10/12 11:29:24.845: PServer Login Status: HostId#83, Stat=1 
2015/10/12 11:29:24.861: PServer Login Status: HostId#87, Stat=1 
2015/10/12 11:29:24.876: PServer Login Status: HostId#88, Stat=1 
2015/10/12 11:29:24.891: Load Data Reply: acc:TIM01, mask:256, return:0 
2015/10/12 11:29:45.891: PServer Login Status: HostId#83, Stat=0 
2015/10/12 11:29:45.892: PServer Login Status: HostId#87, Stat=0 
2015/10/12 11:29:45.895: PServer Login Status: HostId#83, Stat=1 
2015/10/12 11:29:45.896: PServer Login Status: HostId#87, Stat=1 
2015/10/12 11:29:45.986: PServer Login Status: HostId#83, Stat=4 
2015/10/12 11:29:45.991: PServer Login Status: HostId#87, Stat=4 
2015/10/12 11:29:46.001: PServer Login Status: HostId#88, Stat=0 
2015/10/12 11:29:46.008: PServer Login Status: HostId#88, Stat=1 
2015/10/12 11:29:46.093: PServer Login Status: HostId#88, Stat=4 
2015/10/12 11:29:46.109: PServer Login Status: HostId#83, Stat=5 
2015/10/12 11:29:46.114: PServer Login Status: HostId#87, Stat=5 
2015/10/12 11:29:46.218: PServer Login Status: HostId#88, Stat=5 
