2015/10/14 00:56:38.753: Start Connect (Host: 118.143.0.253:8080)... 
2015/10/14 00:56:38.756: TServer Login Status: 1 
2015/10/14 00:56:39.035: TServer Login Status: 2 
2015/10/14 00:56:39.036: TServer Login Status: 4 
2015/10/14 00:56:39.037: Logging in ... 
2015/10/14 00:56:39.097: PServer Login Status: HostId#83, Stat=11 
2015/10/14 00:56:39.098: PServer Login Status: HostId#87, Stat=11 
2015/10/14 00:56:39.103: PServer Login Status: HostId#88, Stat=11 
2015/10/14 00:56:39.104: TServer Login Status: 5 
2015/10/14 00:56:39.105: Login OK (Host:)! 
2015/10/14 00:56:39.117: Account OK! 
2015/10/14 00:56:39.675: Load Data End: acc:, mask:128 
2015/10/14 00:56:41.785: Load Data End: acc:TIM01, mask:64 
2015/10/14 00:56:41.875: Load Data End: acc:TIM01, mask:2 
2015/10/14 00:56:41.916: Load Data End: acc:TIM01, mask:4 
2015/10/14 00:56:41.969: Load Data End: acc:TIM01, mask:8 
2015/10/14 00:56:41.975: PServer Login Status: HostId#83, Stat=1 
2015/10/14 00:56:42.004: PServer Login Status: HostId#87, Stat=1 
2015/10/14 00:56:42.060: PServer Login Status: HostId#88, Stat=1 
2015/10/14 00:56:42.066: Load Data Reply: acc:TIM01, mask:256, return:0 
2015/10/14 00:57:02.924: PServer Login Status: HostId#87, Stat=0 
2015/10/14 00:57:02.925: PServer Login Status: HostId#88, Stat=0 
2015/10/14 00:57:02.927: PServer Login Status: HostId#87, Stat=1 
2015/10/14 00:57:02.931: PServer Login Status: HostId#88, Stat=1 
2015/10/14 00:57:03.037: PServer Login Status: HostId#83, Stat=0 
2015/10/14 00:57:03.043: PServer Login Status: HostId#83, Stat=1 
2015/10/14 00:57:03.078: PServer Login Status: HostId#87, Stat=4 
2015/10/14 00:57:03.084: PServer Login Status: HostId#88, Stat=4 
2015/10/14 00:57:03.188: PServer Login Status: HostId#83, Stat=4 
2015/10/14 00:57:03.328: PServer Login Status: HostId#88, Stat=5 
2015/10/14 00:57:03.344: PServer Login Status: HostId#87, Stat=5 
2015/10/14 00:57:03.438: PServer Login Status: HostId#83, Stat=5 
2015/10/14 01:01:57.198: PServer Login Status: HostId#88, Stat=0 
2015/10/14 01:01:57.204: PServer Login Status: HostId#88, Stat=1 
2015/10/14 01:02:18.722: PServer Login Status: HostId#88, Stat=0 
2015/10/14 01:02:18.730: PServer Login Status: HostId#88, Stat=1 
2015/10/14 01:02:18.853: PServer Login Status: HostId#88, Stat=4 
2015/10/14 01:02:19.089: PServer Login Status: HostId#88, Stat=5 
2015/10/14 01:09:17.436: Start Connect (Host: 118.143.0.253:8080)... 
2015/10/14 01:09:17.436: TServer Login Status: 1 
2015/10/14 01:09:17.753: TServer Login Status: 2 
2015/10/14 01:09:17.754: TServer Login Status: 4 
2015/10/14 01:09:17.757: Logging in ... 
2015/10/14 01:09:17.786: PServer Login Status: HostId#83, Stat=11 
2015/10/14 01:09:17.792: PServer Login Status: HostId#87, Stat=11 
2015/10/14 01:09:17.792: PServer Login Status: HostId#88, Stat=11 
2015/10/14 01:09:17.814: TServer Login Status: 5 
2015/10/14 01:09:17.815: Login OK (Host:)! 
2015/10/14 01:09:17.817: Account OK! 
2015/10/14 01:09:18.409: Load Data End: acc:, mask:128 
2015/10/14 01:09:20.409: Load Data End: acc:TIM01, mask:64 
2015/10/14 01:09:20.487: Load Data End: acc:TIM01, mask:2 
2015/10/14 01:09:20.518: Load Data End: acc:TIM01, mask:4 
2015/10/14 01:09:20.534: Load Data End: acc:TIM01, mask:8 
2015/10/14 01:09:20.550: PServer Login Status: HostId#83, Stat=1 
2015/10/14 01:09:20.567: PServer Login Status: HostId#87, Stat=1 
2015/10/14 01:09:20.581: PServer Login Status: HostId#88, Stat=1 
2015/10/14 01:09:20.596: Load Data Reply: acc:TIM01, mask:256, return:0 
2015/10/14 01:09:42.018: PServer Login Status: HostId#83, Stat=0 
2015/10/14 01:09:42.032: PServer Login Status: HostId#87, Stat=0 
2015/10/14 01:09:42.043: PServer Login Status: HostId#88, Stat=0 
2015/10/14 01:09:42.050: PServer Login Status: HostId#83, Stat=1 
2015/10/14 01:09:42.107: PServer Login Status: HostId#87, Stat=1 
2015/10/14 01:09:42.148: PServer Login Status: HostId#88, Stat=1 
2015/10/14 01:09:42.188: PServer Login Status: HostId#83, Stat=4 
2015/10/14 01:09:42.254: PServer Login Status: HostId#87, Stat=4 
2015/10/14 01:09:42.329: PServer Login Status: HostId#88, Stat=4 
2015/10/14 01:09:42.443: PServer Login Status: HostId#83, Stat=5 
2015/10/14 01:09:42.454: PServer Login Status: HostId#87, Stat=5 
2015/10/14 01:09:42.532: PServer Login Status: HostId#88, Stat=5 
2015/10/14 01:28:59.634: PServer Login Status: HostId#83, Stat=0 
2015/10/14 01:32:02.092: Start Connect (Host: 118.143.0.253:8080)... 
2015/10/14 01:32:02.093: TServer Login Status: 1 
2015/10/14 01:32:02.547: TServer Login Status: 2 
2015/10/14 01:32:02.555: TServer Login Status: 4 
2015/10/14 01:32:02.559: Logging in ... 
2015/10/14 01:32:02.593: PServer Login Status: HostId#83, Stat=11 
2015/10/14 01:32:02.597: PServer Login Status: HostId#87, Stat=11 
2015/10/14 01:32:02.598: PServer Login Status: HostId#88, Stat=11 
2015/10/14 01:32:02.600: TServer Login Status: 5 
2015/10/14 01:32:02.601: Login OK (Host:)! 
2015/10/14 01:32:02.602: Account OK! 
2015/10/14 01:32:03.187: Load Data End: acc:, mask:128 
2015/10/14 01:32:05.187: Load Data End: acc:TIM01, mask:64 
2015/10/14 01:32:05.281: Load Data End: acc:TIM01, mask:2 
2015/10/14 01:32:05.312: Load Data End: acc:TIM01, mask:4 
2015/10/14 01:32:05.328: Load Data End: acc:TIM01, mask:8 
2015/10/14 01:32:05.344: PServer Login Status: HostId#83, Stat=1 
2015/10/14 01:32:05.359: PServer Login Status: HostId#87, Stat=1 
2015/10/14 01:32:05.391: PServer Login Status: HostId#88, Stat=1 
2015/10/14 01:32:05.406: Load Data Reply: acc:TIM01, mask:256, return:0 
2015/10/14 01:32:26.436: PServer Login Status: HostId#87, Stat=0 
2015/10/14 01:32:26.438: PServer Login Status: HostId#87, Stat=1 
2015/10/14 01:32:26.513: PServer Login Status: HostId#87, Stat=4 
2015/10/14 01:32:26.533: PServer Login Status: HostId#83, Stat=0 
2015/10/14 01:32:26.565: PServer Login Status: HostId#88, Stat=0 
2015/10/14 01:32:26.590: PServer Login Status: HostId#83, Stat=1 
2015/10/14 01:32:26.605: PServer Login Status: HostId#88, Stat=1 
2015/10/14 01:32:26.670: PServer Login Status: HostId#83, Stat=4 
2015/10/14 01:32:26.748: PServer Login Status: HostId#88, Stat=4 
2015/10/14 01:32:26.795: PServer Login Status: HostId#83, Stat=5 
2015/10/14 01:32:26.951: PServer Login Status: HostId#87, Stat=5 
2015/10/14 01:32:27.373: PServer Login Status: HostId#88, Stat=5 
2015/10/14 01:36:58.072: PServer Login Status: HostId#83, Stat=0 
2015/10/14 01:36:58.078: PServer Login Status: HostId#83, Stat=1 
2015/10/14 01:37:19.358: PServer Login Status: HostId#83, Stat=0 
2015/10/14 01:37:19.368: PServer Login Status: HostId#83, Stat=1 
2015/10/14 01:37:19.445: PServer Login Status: HostId#83, Stat=4 
2015/10/14 01:37:19.586: PServer Login Status: HostId#83, Stat=5 
2015/10/14 01:37:43.943: PServer Login Status: HostId#88, Stat=0 
2015/10/14 01:37:43.965: PServer Login Status: HostId#88, Stat=1 
2015/10/14 01:38:05.106: PServer Login Status: HostId#88, Stat=0 
2015/10/14 01:38:05.115: PServer Login Status: HostId#88, Stat=1 
2015/10/14 01:38:05.192: PServer Login Status: HostId#88, Stat=4 
2015/10/14 01:38:05.317: PServer Login Status: HostId#88, Stat=5 
2015/10/14 01:38:23.113: PServer Login Status: HostId#83, Stat=0 
2015/10/14 01:38:23.126: PServer Login Status: HostId#83, Stat=1 
2015/10/14 01:38:44.180: PServer Login Status: HostId#83, Stat=0 
2015/10/14 01:38:44.193: PServer Login Status: HostId#83, Stat=1 
2015/10/14 01:38:44.271: PServer Login Status: HostId#83, Stat=4 
2015/10/14 01:38:44.393: PServer Login Status: HostId#83, Stat=5 
2015/10/14 01:44:05.552: Start Connect (Host: 118.143.0.253:8080)... 
2015/10/14 01:44:05.552: TServer Login Status: 1 
2015/10/14 01:44:05.835: TServer Login Status: 2 
2015/10/14 01:44:05.836: TServer Login Status: 4 
2015/10/14 01:44:05.840: Logging in ... 
2015/10/14 01:44:05.866: PServer Login Status: HostId#83, Stat=11 
2015/10/14 01:44:05.867: PServer Login Status: HostId#87, Stat=11 
2015/10/14 01:44:05.882: PServer Login Status: HostId#88, Stat=11 
2015/10/14 01:44:05.883: TServer Login Status: 5 
2015/10/14 01:44:05.883: Login OK (Host:)! 
2015/10/14 01:44:05.905: Account OK! 
2015/10/14 01:44:06.475: Load Data End: acc:, mask:128 
2015/10/14 01:44:08.476: Load Data End: acc:TIM01, mask:64 
2015/10/14 01:44:08.553: Load Data End: acc:TIM01, mask:2 
2015/10/14 01:44:08.585: Load Data End: acc:TIM01, mask:4 
2015/10/14 01:44:08.600: Load Data End: acc:TIM01, mask:8 
2015/10/14 01:44:08.616: PServer Login Status: HostId#83, Stat=1 
2015/10/14 01:44:08.647: PServer Login Status: HostId#87, Stat=1 
2015/10/14 01:44:08.664: PServer Login Status: HostId#88, Stat=1 
2015/10/14 01:44:08.678: Load Data Reply: acc:TIM01, mask:256, return:0 
2015/10/14 01:44:29.615: PServer Login Status: HostId#83, Stat=0 
2015/10/14 01:44:29.617: PServer Login Status: HostId#83, Stat=1 
2015/10/14 01:44:29.692: PServer Login Status: HostId#83, Stat=4 
2015/10/14 01:44:29.716: PServer Login Status: HostId#87, Stat=0 
2015/10/14 01:44:29.755: PServer Login Status: HostId#88, Stat=0 
2015/10/14 01:44:29.767: PServer Login Status: HostId#87, Stat=1 
2015/10/14 01:44:29.803: PServer Login Status: HostId#88, Stat=1 
2015/10/14 01:44:29.849: PServer Login Status: HostId#83, Stat=5 
2015/10/14 01:44:29.878: PServer Login Status: HostId#87, Stat=4 
2015/10/14 01:44:29.896: PServer Login Status: HostId#88, Stat=4 
2015/10/14 01:44:30.003: PServer Login Status: HostId#87, Stat=5 
2015/10/14 01:44:30.020: PServer Login Status: HostId#88, Stat=5 
2015/10/14 01:45:49.140: Start Connect (Host: 118.143.0.253:8080)... 
2015/10/14 01:45:49.140: TServer Login Status: 1 
2015/10/14 01:45:49.434: TServer Login Status: 2 
2015/10/14 01:45:49.462: TServer Login Status: 4 
2015/10/14 01:45:49.462: Logging in ... 
2015/10/14 01:45:49.513: PServer Login Status: HostId#83, Stat=11 
2015/10/14 01:45:49.514: PServer Login Status: HostId#87, Stat=11 
2015/10/14 01:45:49.515: PServer Login Status: HostId#88, Stat=11 
2015/10/14 01:45:49.515: TServer Login Status: 5 
2015/10/14 01:45:49.516: Login OK (Host:)! 
2015/10/14 01:45:49.517: Account OK! 
2015/10/14 01:45:50.122: Load Data End: acc:, mask:128 
2015/10/14 01:45:52.106: Load Data End: acc:TIM01, mask:64 
2015/10/14 01:45:52.185: Load Data End: acc:TIM01, mask:2 
2015/10/14 01:45:52.216: Load Data End: acc:TIM01, mask:4 
2015/10/14 01:45:52.248: Load Data End: acc:TIM01, mask:8 
2015/10/14 01:45:52.263: PServer Login Status: HostId#83, Stat=1 
2015/10/14 01:45:52.279: PServer Login Status: HostId#87, Stat=1 
2015/10/14 01:45:52.310: PServer Login Status: HostId#88, Stat=1 
2015/10/14 01:45:52.325: Load Data Reply: acc:TIM01, mask:256, return:0 
2015/10/14 01:46:13.246: PServer Login Status: HostId#88, Stat=0 
2015/10/14 01:46:13.247: PServer Login Status: HostId#88, Stat=1 
2015/10/14 01:46:13.324: PServer Login Status: HostId#88, Stat=4 
2015/10/14 01:46:13.355: PServer Login Status: HostId#83, Stat=0 
2015/10/14 01:46:13.367: PServer Login Status: HostId#83, Stat=1 
2015/10/14 01:46:13.464: PServer Login Status: HostId#83, Stat=4 
2015/10/14 01:46:13.484: PServer Login Status: HostId#87, Stat=0 
2015/10/14 01:46:13.496: PServer Login Status: HostId#87, Stat=1 
2015/10/14 01:46:13.589: PServer Login Status: HostId#87, Stat=4 
2015/10/14 01:46:13.667: PServer Login Status: HostId#83, Stat=5 
2015/10/14 01:46:13.761: PServer Login Status: HostId#87, Stat=5 
2015/10/14 01:46:24.370: PServer Login Status: HostId#88, Stat=0 
2015/10/14 01:46:43.746: Start Connect (Host: 118.143.0.253:8080)... 
2015/10/14 01:46:43.747: TServer Login Status: 1 
2015/10/14 01:46:44.128: TServer Login Status: 2 
2015/10/14 01:46:44.133: TServer Login Status: 4 
2015/10/14 01:46:44.133: Logging in ... 
2015/10/14 01:46:44.206: PServer Login Status: HostId#83, Stat=11 
2015/10/14 01:46:44.222: PServer Login Status: HostId#87, Stat=11 
2015/10/14 01:46:44.223: PServer Login Status: HostId#88, Stat=11 
2015/10/14 01:46:44.224: TServer Login Status: 5 
2015/10/14 01:46:44.225: Login OK (Host:)! 
2015/10/14 01:46:44.226: Account OK! 
2015/10/14 01:46:44.830: Load Data End: acc:, mask:128 
2015/10/14 01:46:46.846: Load Data End: acc:TIM01, mask:64 
2015/10/14 01:46:46.924: Load Data End: acc:TIM01, mask:2 
2015/10/14 01:46:46.955: Load Data End: acc:TIM01, mask:4 
2015/10/14 01:46:46.971: Load Data End: acc:TIM01, mask:8 
2015/10/14 01:46:47.003: PServer Login Status: HostId#83, Stat=1 
2015/10/14 01:46:47.034: PServer Login Status: HostId#87, Stat=1 
2015/10/14 01:46:47.065: PServer Login Status: HostId#88, Stat=1 
2015/10/14 01:46:47.080: Load Data Reply: acc:TIM01, mask:256, return:0 
2015/10/14 01:47:26.790: Start Connect (Host: 118.143.0.253:8080)... 
2015/10/14 01:47:26.795: TServer Login Status: 1 
2015/10/14 01:47:27.118: TServer Login Status: 2 
2015/10/14 01:47:27.119: TServer Login Status: 4 
2015/10/14 01:47:27.120: Logging in ... 
2015/10/14 01:47:27.150: PServer Login Status: HostId#83, Stat=11 
2015/10/14 01:47:27.153: PServer Login Status: HostId#87, Stat=11 
2015/10/14 01:47:27.155: PServer Login Status: HostId#88, Stat=11 
2015/10/14 01:47:27.155: TServer Login Status: 5 
2015/10/14 01:47:27.175: Login OK (Host:)! 
2015/10/14 01:47:27.177: Account OK! 
2015/10/14 01:47:27.775: Load Data End: acc:, mask:128 
2015/10/14 01:47:29.761: Load Data End: acc:TIM01, mask:64 
2015/10/14 01:47:29.839: Load Data End: acc:TIM01, mask:2 
2015/10/14 01:47:29.872: Load Data End: acc:TIM01, mask:4 
2015/10/14 01:47:29.885: Load Data End: acc:TIM01, mask:8 
2015/10/14 01:47:29.904: PServer Login Status: HostId#83, Stat=1 
2015/10/14 01:47:29.944: PServer Login Status: HostId#87, Stat=1 
2015/10/14 01:47:29.968: PServer Login Status: HostId#88, Stat=1 
2015/10/14 01:47:29.997: Load Data Reply: acc:TIM01, mask:256, return:0 
2015/10/14 01:47:50.843: PServer Login Status: HostId#83, Stat=0 
2015/10/14 01:47:50.862: PServer Login Status: HostId#83, Stat=1 
2015/10/14 01:47:50.961: PServer Login Status: HostId#83, Stat=4 
2015/10/14 01:47:51.117: PServer Login Status: HostId#83, Stat=5 
2015/10/14 01:47:51.223: PServer Login Status: HostId#87, Stat=0 
2015/10/14 01:47:51.266: PServer Login Status: HostId#88, Stat=0 
2015/10/14 01:47:51.276: PServer Login Status: HostId#87, Stat=1 
2015/10/14 01:47:51.290: PServer Login Status: HostId#88, Stat=1 
2015/10/14 01:47:51.414: PServer Login Status: HostId#87, Stat=4 
2015/10/14 01:47:51.421: PServer Login Status: HostId#88, Stat=4 
2015/10/14 01:47:51.555: PServer Login Status: HostId#87, Stat=5 
2015/10/14 01:47:51.570: PServer Login Status: HostId#88, Stat=5 
2015/10/14 01:49:32.825: Start Connect (Host: 118.143.0.253:8080)... 
2015/10/14 01:49:32.830: TServer Login Status: 1 
2015/10/14 01:49:33.107: TServer Login Status: 2 
2015/10/14 01:49:33.108: TServer Login Status: 4 
2015/10/14 01:49:33.135: Logging in ... 
2015/10/14 01:49:33.138: PServer Login Status: HostId#83, Stat=11 
2015/10/14 01:49:33.138: PServer Login Status: HostId#87, Stat=11 
2015/10/14 01:49:33.139: PServer Login Status: HostId#88, Stat=11 
2015/10/14 01:49:33.148: TServer Login Status: 5 
2015/10/14 01:49:33.148: Login OK (Host:)! 
2015/10/14 01:49:33.149: Account OK! 
2015/10/14 01:49:33.701: Load Data End: acc:, mask:128 
2015/10/14 01:49:35.781: Load Data End: acc:TIM01, mask:64 
2015/10/14 01:49:35.872: Load Data End: acc:TIM01, mask:2 
2015/10/14 01:49:35.905: Load Data End: acc:TIM01, mask:4 
2015/10/14 01:49:35.919: Load Data End: acc:TIM01, mask:8 
2015/10/14 01:49:35.938: PServer Login Status: HostId#83, Stat=1 
2015/10/14 01:49:35.987: PServer Login Status: HostId#87, Stat=1 
2015/10/14 01:49:36.017: PServer Login Status: HostId#88, Stat=1 
2015/10/14 01:49:36.045: Load Data Reply: acc:TIM01, mask:256, return:0 
2015/10/14 01:50:13.569: PServer Login Status: HostId#83, Stat=0 
2015/10/14 01:50:13.589: PServer Login Status: HostId#83, Stat=1 
2015/10/14 01:50:13.616: PServer Login Status: HostId#87, Stat=0 
2015/10/14 01:50:13.621: PServer Login Status: HostId#88, Stat=0 
2015/10/14 01:50:13.632: PServer Login Status: HostId#87, Stat=1 
2015/10/14 01:50:13.634: PServer Login Status: HostId#88, Stat=1 
2015/10/14 01:50:13.682: PServer Login Status: HostId#83, Stat=4 
2015/10/14 01:50:13.713: PServer Login Status: HostId#87, Stat=4 
2015/10/14 01:50:13.720: PServer Login Status: HostId#88, Stat=4 
2015/10/14 01:50:13.822: PServer Login Status: HostId#83, Stat=5 
2015/10/14 01:50:13.854: PServer Login Status: HostId#87, Stat=5 
2015/10/14 01:50:13.885: PServer Login Status: HostId#88, Stat=5 
2015/10/14 01:53:51.668: PServer Login Status: HostId#83, Stat=0 
2015/10/14 01:53:51.689: PServer Login Status: HostId#83, Stat=1 
2015/10/14 01:54:12.573: PServer Login Status: HostId#83, Stat=0 
2015/10/14 01:54:12.578: PServer Login Status: HostId#83, Stat=1 
2015/10/14 01:54:21.759: PServer Login Status: HostId#83, Stat=4 
2015/10/14 01:54:21.962: PServer Login Status: HostId#83, Stat=5 
2015/10/14 02:15:24.134: Start Connect (Host: 118.143.0.253:8080)... 
2015/10/14 02:15:24.134: TServer Login Status: 1 
2015/10/14 02:15:24.426: TServer Login Status: 2 
2015/10/14 02:15:24.431: TServer Login Status: 4 
2015/10/14 02:15:24.432: Logging in ... 
2015/10/14 02:15:24.535: PServer Login Status: HostId#83, Stat=11 
2015/10/14 02:15:24.539: PServer Login Status: HostId#87, Stat=11 
2015/10/14 02:15:24.540: PServer Login Status: HostId#88, Stat=11 
2015/10/14 02:15:24.540: TServer Login Status: 5 
2015/10/14 02:15:24.542: Login OK (Host:)! 
2015/10/14 02:15:24.543: Account OK! 
2015/10/14 02:15:25.129: Load Data End: acc:, mask:128 
2015/10/14 02:15:27.114: Load Data End: acc:TIM01, mask:64 
2015/10/14 02:15:27.210: Load Data End: acc:TIM01, mask:2 
2015/10/14 02:15:27.245: Load Data End: acc:TIM01, mask:4 
2015/10/14 02:15:27.254: Load Data End: acc:TIM01, mask:8 
2015/10/14 02:15:27.288: PServer Login Status: HostId#83, Stat=1 
2015/10/14 02:15:27.332: PServer Login Status: HostId#87, Stat=1 
2015/10/14 02:15:27.379: PServer Login Status: HostId#88, Stat=1 
2015/10/14 02:15:27.410: Load Data Reply: acc:TIM01, mask:256, return:0 
2015/10/14 02:15:48.360: PServer Login Status: HostId#83, Stat=0 
2015/10/14 02:15:48.399: PServer Login Status: HostId#87, Stat=0 
2015/10/14 02:15:48.425: PServer Login Status: HostId#88, Stat=0 
2015/10/14 02:15:48.438: PServer Login Status: HostId#83, Stat=1 
2015/10/14 02:15:48.453: PServer Login Status: HostId#87, Stat=1 
2015/10/14 02:15:48.465: PServer Login Status: HostId#88, Stat=1 
2015/10/14 02:15:48.518: PServer Login Status: HostId#83, Stat=4 
2015/10/14 02:15:48.549: PServer Login Status: HostId#87, Stat=4 
2015/10/14 02:15:48.566: PServer Login Status: HostId#88, Stat=4 
2015/10/14 02:15:48.658: PServer Login Status: HostId#83, Stat=5 
2015/10/14 02:15:48.721: PServer Login Status: HostId#87, Stat=5 
2015/10/14 02:15:48.734: PServer Login Status: HostId#88, Stat=5 
2015/10/14 02:18:01.982: Start Connect (Host: 118.143.0.253:8080)... 
2015/10/14 02:18:01.982: TServer Login Status: 1 
2015/10/14 02:18:02.330: TServer Login Status: 2 
2015/10/14 02:18:02.359: TServer Login Status: 4 
2015/10/14 02:18:02.359: Logging in ... 
2015/10/14 02:18:02.393: PServer Login Status: HostId#83, Stat=11 
2015/10/14 02:18:02.394: PServer Login Status: HostId#87, Stat=11 
2015/10/14 02:18:02.395: PServer Login Status: HostId#88, Stat=11 
2015/10/14 02:18:02.408: TServer Login Status: 5 
2015/10/14 02:18:02.410: Login OK (Host:)! 
2015/10/14 02:18:02.411: Account OK! 
2015/10/14 02:18:03.002: Load Data End: acc:, mask:128 
2015/10/14 02:18:04.986: Load Data End: acc:TIM01, mask:64 
2015/10/14 02:18:05.069: Load Data End: acc:TIM01, mask:2 
2015/10/14 02:18:05.096: Load Data End: acc:TIM01, mask:4 
2015/10/14 02:18:05.112: Load Data End: acc:TIM01, mask:8 
2015/10/14 02:18:05.140: PServer Login Status: HostId#83, Stat=1 
2015/10/14 02:18:05.159: PServer Login Status: HostId#87, Stat=1 
2015/10/14 02:18:05.208: PServer Login Status: HostId#88, Stat=1 
2015/10/14 02:18:05.237: Load Data Reply: acc:TIM01, mask:256, return:0 
2015/10/14 02:18:26.134: PServer Login Status: HostId#83, Stat=0 
2015/10/14 02:18:26.147: PServer Login Status: HostId#87, Stat=0 
2015/10/14 02:18:26.155: PServer Login Status: HostId#83, Stat=1 
2015/10/14 02:18:26.160: PServer Login Status: HostId#87, Stat=1 
2015/10/14 02:18:26.235: PServer Login Status: HostId#83, Stat=4 
2015/10/14 02:18:26.242: PServer Login Status: HostId#87, Stat=4 
2015/10/14 02:18:26.350: PServer Login Status: HostId#88, Stat=0 
2015/10/14 02:18:26.397: PServer Login Status: HostId#88, Stat=1 
2015/10/14 02:18:26.406: PServer Login Status: HostId#83, Stat=5 
2015/10/14 02:18:26.431: PServer Login Status: HostId#87, Stat=5 
2015/10/14 02:18:26.469: PServer Login Status: HostId#88, Stat=4 
2015/10/14 02:18:26.594: PServer Login Status: HostId#88, Stat=5 
2015/10/14 02:19:29.293: Start Connect (Host: 118.143.0.253:8080)... 
2015/10/14 02:19:29.294: TServer Login Status: 1 
2015/10/14 02:19:29.586: TServer Login Status: 2 
2015/10/14 02:19:29.589: TServer Login Status: 4 
2015/10/14 02:19:29.590: Logging in ... 
2015/10/14 02:19:29.617: PServer Login Status: HostId#83, Stat=11 
2015/10/14 02:19:29.645: PServer Login Status: HostId#87, Stat=11 
2015/10/14 02:19:29.646: PServer Login Status: HostId#88, Stat=11 
2015/10/14 02:19:29.647: TServer Login Status: 5 
2015/10/14 02:19:29.661: Login OK (Host:)! 
2015/10/14 02:19:29.662: Account OK! 
2015/10/14 02:19:30.241: Load Data End: acc:, mask:128 
2015/10/14 02:19:32.226: Load Data End: acc:TIM01, mask:64 
2015/10/14 02:19:32.304: Load Data End: acc:TIM01, mask:2 
2015/10/14 02:19:32.335: Load Data End: acc:TIM01, mask:4 
2015/10/14 02:19:32.351: Load Data End: acc:TIM01, mask:8 
2015/10/14 02:19:32.367: PServer Login Status: HostId#83, Stat=1 
2015/10/14 02:19:32.382: PServer Login Status: HostId#87, Stat=1 
2015/10/14 02:19:32.398: PServer Login Status: HostId#88, Stat=1 
2015/10/14 02:19:32.413: Load Data Reply: acc:TIM01, mask:256, return:0 
2015/10/14 02:19:53.526: PServer Login Status: HostId#83, Stat=0 
2015/10/14 02:19:53.539: PServer Login Status: HostId#87, Stat=0 
2015/10/14 02:19:53.550: PServer Login Status: HostId#88, Stat=0 
2015/10/14 02:19:53.558: PServer Login Status: HostId#83, Stat=1 
2015/10/14 02:19:53.564: PServer Login Status: HostId#87, Stat=1 
2015/10/14 02:19:53.580: PServer Login Status: HostId#88, Stat=1 
2015/10/14 02:19:53.630: PServer Login Status: HostId#83, Stat=4 
2015/10/14 02:19:53.649: PServer Login Status: HostId#87, Stat=4 
2015/10/14 02:19:53.660: PServer Login Status: HostId#88, Stat=4 
2015/10/14 02:19:53.771: PServer Login Status: HostId#83, Stat=5 
2015/10/14 02:19:53.809: PServer Login Status: HostId#87, Stat=5 
2015/10/14 02:19:53.833: PServer Login Status: HostId#88, Stat=5 
2015/10/14 02:37:38.049: Start Connect (Host: 118.143.0.253:8080)... 
2015/10/14 02:37:38.050: TServer Login Status: 1 
2015/10/14 02:37:38.345: TServer Login Status: 2 
2015/10/14 02:37:38.357: TServer Login Status: 4 
2015/10/14 02:37:38.358: Logging in ... 
2015/10/14 02:37:38.380: PServer Login Status: HostId#83, Stat=11 
2015/10/14 02:37:38.382: PServer Login Status: HostId#87, Stat=11 
2015/10/14 02:37:38.389: PServer Login Status: HostId#88, Stat=11 
2015/10/14 02:37:38.390: TServer Login Status: 5 
2015/10/14 02:37:38.397: Login OK (Host:)! 
2015/10/14 02:37:38.398: Account OK! 
2015/10/14 02:37:38.954: Load Data End: acc:, mask:128 
2015/10/14 02:37:41.126: Load Data End: acc:TIM01, mask:64 
2015/10/14 02:37:41.203: Load Data End: acc:TIM01, mask:2 
2015/10/14 02:37:41.235: Load Data End: acc:TIM01, mask:4 
2015/10/14 02:37:41.250: Load Data End: acc:TIM01, mask:8 
2015/10/14 02:37:41.267: PServer Login Status: HostId#83, Stat=1 
2015/10/14 02:37:41.347: PServer Login Status: HostId#87, Stat=1 
2015/10/14 02:37:41.379: PServer Login Status: HostId#88, Stat=1 
2015/10/14 02:37:41.408: Load Data Reply: acc:TIM01, mask:256, return:0 
2015/10/14 02:38:02.279: PServer Login Status: HostId#83, Stat=0 
2015/10/14 02:38:02.311: PServer Login Status: HostId#83, Stat=1 
2015/10/14 02:38:02.387: PServer Login Status: HostId#87, Stat=0 
2015/10/14 02:38:02.415: PServer Login Status: HostId#88, Stat=0 
2015/10/14 02:38:02.432: PServer Login Status: HostId#87, Stat=1 
2015/10/14 02:38:02.466: PServer Login Status: HostId#88, Stat=1 
2015/10/14 02:38:02.491: PServer Login Status: HostId#83, Stat=4 
2015/10/14 02:38:02.537: PServer Login Status: HostId#87, Stat=4 
2015/10/14 02:38:02.561: PServer Login Status: HostId#88, Stat=4 
2015/10/14 02:38:02.661: PServer Login Status: HostId#87, Stat=5 
2015/10/14 02:38:02.705: PServer Login Status: HostId#88, Stat=5 
2015/10/14 02:38:02.843: PServer Login Status: HostId#83, Stat=5 
2015/10/14 02:40:33.411: Start Connect (Host: 118.143.0.253:8080)... 
2015/10/14 02:40:33.411: TServer Login Status: 1 
2015/10/14 02:40:33.801: TServer Login Status: 2 
2015/10/14 02:40:33.803: TServer Login Status: 4 
2015/10/14 02:40:33.804: Logging in ... 
2015/10/14 02:40:33.834: PServer Login Status: HostId#83, Stat=11 
2015/10/14 02:40:33.835: PServer Login Status: HostId#87, Stat=11 
2015/10/14 02:40:33.836: PServer Login Status: HostId#88, Stat=11 
2015/10/14 02:40:33.837: TServer Login Status: 5 
2015/10/14 02:40:33.837: Login OK (Host:)! 
2015/10/14 02:40:33.838: Account OK! 
2015/10/14 02:40:34.726: Load Data End: acc:, mask:128 
2015/10/14 02:40:36.914: Load Data End: acc:TIM01, mask:64 
2015/10/14 02:40:36.990: Load Data End: acc:TIM01, mask:2 
2015/10/14 02:40:37.022: Load Data End: acc:TIM01, mask:4 
2015/10/14 02:40:37.038: Load Data End: acc:TIM01, mask:8 
2015/10/14 02:40:37.054: PServer Login Status: HostId#83, Stat=1 
2015/10/14 02:40:37.069: PServer Login Status: HostId#87, Stat=1 
2015/10/14 02:40:37.084: PServer Login Status: HostId#88, Stat=1 
2015/10/14 02:40:37.100: Load Data Reply: acc:TIM01, mask:256, return:0 
2015/10/14 02:40:58.068: PServer Login Status: HostId#88, Stat=0 
2015/10/14 02:40:58.085: PServer Login Status: HostId#88, Stat=1 
2015/10/14 02:40:58.161: PServer Login Status: HostId#88, Stat=4 
2015/10/14 02:40:58.209: PServer Login Status: HostId#83, Stat=0 
2015/10/14 02:40:58.236: PServer Login Status: HostId#87, Stat=0 
2015/10/14 02:40:58.253: PServer Login Status: HostId#83, Stat=1 
2015/10/14 02:40:58.268: PServer Login Status: HostId#87, Stat=1 
2015/10/14 02:40:58.286: PServer Login Status: HostId#88, Stat=5 
2015/10/14 02:40:58.332: PServer Login Status: HostId#83, Stat=4 
2015/10/14 02:40:58.348: PServer Login Status: HostId#87, Stat=4 
2015/10/14 02:40:58.457: PServer Login Status: HostId#83, Stat=5 
2015/10/14 02:40:58.490: PServer Login Status: HostId#87, Stat=5 
2015/10/14 02:43:41.291: PServer Login Status: HostId#83, Stat=6 
2015/10/14 02:46:01.418: Start Connect (Host: 118.143.0.253:8080)... 
2015/10/14 02:46:01.420: TServer Login Status: 1 
2015/10/14 02:46:01.718: TServer Login Status: 2 
2015/10/14 02:46:01.733: TServer Login Status: 4 
2015/10/14 02:46:01.733: Logging in ... 
2015/10/14 02:46:01.768: PServer Login Status: HostId#83, Stat=11 
2015/10/14 02:46:01.771: PServer Login Status: HostId#87, Stat=11 
2015/10/14 02:46:01.802: PServer Login Status: HostId#88, Stat=11 
2015/10/14 02:46:01.803: TServer Login Status: 5 
2015/10/14 02:46:01.826: Login OK (Host:)! 
2015/10/14 02:46:01.827: Account OK! 
2015/10/14 02:46:02.420: Load Data End: acc:, mask:128 
2015/10/14 02:46:04.676: Load Data End: acc:TIM01, mask:64 
2015/10/14 02:46:04.769: Load Data End: acc:TIM01, mask:2 
2015/10/14 02:46:04.796: Load Data End: acc:TIM01, mask:4 
2015/10/14 02:46:04.815: Load Data End: acc:TIM01, mask:8 
2015/10/14 02:46:04.833: PServer Login Status: HostId#83, Stat=1 
2015/10/14 02:46:04.877: PServer Login Status: HostId#87, Stat=1 
2015/10/14 02:46:04.938: PServer Login Status: HostId#88, Stat=1 
2015/10/14 02:46:04.987: Load Data Reply: acc:TIM01, mask:256, return:0 
2015/10/14 02:46:25.981: PServer Login Status: HostId#83, Stat=0 
2015/10/14 02:46:26.024: PServer Login Status: HostId#87, Stat=0 
2015/10/14 02:46:26.038: PServer Login Status: HostId#83, Stat=1 
2015/10/14 02:46:26.066: PServer Login Status: HostId#87, Stat=1 
2015/10/14 02:46:26.109: PServer Login Status: HostId#88, Stat=0 
2015/10/14 02:46:26.123: PServer Login Status: HostId#88, Stat=1 
2015/10/14 02:46:26.153: PServer Login Status: HostId#83, Stat=4 
2015/10/14 02:46:26.168: PServer Login Status: HostId#87, Stat=4 
2015/10/14 02:46:26.185: PServer Login Status: HostId#88, Stat=4 
2015/10/14 02:46:26.247: PServer Login Status: HostId#83, Stat=5 
2015/10/14 02:46:26.278: PServer Login Status: HostId#87, Stat=5 
2015/10/14 02:46:26.310: PServer Login Status: HostId#88, Stat=5 
2015/10/14 02:49:16.625: Start Connect (Host: 118.143.0.253:8080)... 
2015/10/14 02:49:16.626: TServer Login Status: 1 
2015/10/14 02:49:16.901: TServer Login Status: 2 
2015/10/14 02:49:16.920: TServer Login Status: 4 
2015/10/14 02:49:16.928: Logging in ... 
2015/10/14 02:49:16.948: PServer Login Status: HostId#83, Stat=11 
2015/10/14 02:49:16.949: PServer Login Status: HostId#87, Stat=11 
2015/10/14 02:49:16.953: PServer Login Status: HostId#88, Stat=11 
2015/10/14 02:49:16.954: TServer Login Status: 5 
2015/10/14 02:49:16.954: Login OK (Host:)! 
2015/10/14 02:49:16.962: Account OK! 
2015/10/14 02:49:17.526: Load Data End: acc:, mask:128 
2015/10/14 02:49:19.526: Load Data End: acc:TIM01, mask:64 
2015/10/14 02:49:19.605: Load Data End: acc:TIM01, mask:2 
2015/10/14 02:49:19.635: Load Data End: acc:TIM01, mask:4 
2015/10/14 02:49:19.651: Load Data End: acc:TIM01, mask:8 
2015/10/14 02:49:19.670: PServer Login Status: HostId#83, Stat=1 
2015/10/14 02:49:19.701: PServer Login Status: HostId#87, Stat=1 
2015/10/14 02:49:19.730: PServer Login Status: HostId#88, Stat=1 
2015/10/14 02:49:19.766: Load Data Reply: acc:TIM01, mask:256, return:0 
2015/10/14 02:49:40.647: PServer Login Status: HostId#83, Stat=0 
2015/10/14 02:49:40.665: PServer Login Status: HostId#83, Stat=1 
2015/10/14 02:49:40.743: PServer Login Status: HostId#83, Stat=4 
2015/10/14 02:49:40.868: PServer Login Status: HostId#83, Stat=5 
2015/10/14 02:49:40.976: PServer Login Status: HostId#87, Stat=0 
2015/10/14 02:49:41.010: PServer Login Status: HostId#88, Stat=0 
2015/10/14 02:49:41.044: PServer Login Status: HostId#87, Stat=1 
2015/10/14 02:49:41.059: PServer Login Status: HostId#88, Stat=1 
2015/10/14 02:49:41.118: PServer Login Status: HostId#87, Stat=4 
2015/10/14 02:49:41.165: PServer Login Status: HostId#88, Stat=4 
2015/10/14 02:49:41.243: PServer Login Status: HostId#87, Stat=5 
2015/10/14 02:49:41.258: PServer Login Status: HostId#88, Stat=5 
2015/10/14 03:20:39.937: PServer Login Status: HostId#83, Stat=0 
2015/10/14 03:20:39.948: PServer Login Status: HostId#83, Stat=1 
2015/10/14 03:21:00.904: PServer Login Status: HostId#83, Stat=0 
2015/10/14 03:21:00.910: PServer Login Status: HostId#83, Stat=1 
2015/10/14 03:21:00.982: PServer Login Status: HostId#83, Stat=4 
2015/10/14 03:21:01.120: PServer Login Status: HostId#83, Stat=5 
2015/10/14 03:27:26.812: PServer Login Status: HostId#88, Stat=0 
2015/10/14 03:27:26.817: PServer Login Status: HostId#88, Stat=1 
2015/10/14 03:27:47.795: PServer Login Status: HostId#88, Stat=0 
2015/10/14 03:27:47.800: PServer Login Status: HostId#88, Stat=1 
2015/10/14 03:27:47.872: PServer Login Status: HostId#88, Stat=4 
2015/10/14 03:27:48.014: PServer Login Status: HostId#88, Stat=5 
2015/10/14 07:10:59.891: Load Data End: acc:TIM01, mask:2 
2015/10/14 07:10:59.953: Load Data End: acc:TIM01, mask:4 
2015/10/14 07:10:59.972: Load Data End: acc:TIM01, mask:8 
2015/10/14 07:11:00.437: Load Data End: acc:TIM01, mask:2 
2015/10/14 07:11:00.468: Load Data End: acc:TIM01, mask:4 
2015/10/14 07:11:00.484: Load Data End: acc:TIM01, mask:8 
2015/10/14 07:45:01.191: PServer Login Status: HostId#83, Stat=6 
2015/10/14 07:45:01.197: PServer Login Status: HostId#87, Stat=6 
2015/10/14 07:45:01.203: PServer Login Status: HostId#88, Stat=6 
2015/10/14 07:45:01.205: Start Logout ... 
2015/10/14 07:45:01.205: TServer Login Status: 0 
2015/10/14 07:45:01.210: Start Connect (Host: 118.143.0.253:8080)... 
2015/10/14 07:45:01.211: TServer Login Status: 1 
2015/10/14 07:45:01.285: PServer Login Status: HostId#83, Stat=7 
2015/10/14 07:45:01.286: PServer Login Status: HostId#87, Stat=7 
2015/10/14 07:45:01.296: PServer Login Status: HostId#88, Stat=7 
2015/10/14 07:45:01.302: TServer Login Status: 2 
2015/10/14 07:45:01.308: TServer Login Status: 4 
2015/10/14 07:45:01.308: Logging in ... 
2015/10/14 07:45:01.354: TServer Login Status: 5 
2015/10/14 07:45:01.362: Login OK (Host:)! 
2015/10/14 07:45:01.402: Account OK! 
2015/10/14 07:45:01.410: PServer Login Status: HostId#83, Stat=0 
2015/10/14 07:45:01.433: PServer Login Status: HostId#87, Stat=0 
2015/10/14 07:45:01.434: PServer Login Status: HostId#88, Stat=0 
2015/10/14 07:45:02.051: Load Data End: acc:, mask:128 
2015/10/14 07:45:04.145: Load Data End: acc:TIM01, mask:64 
2015/10/14 07:45:04.223: Load Data End: acc:TIM01, mask:2 
2015/10/14 07:45:04.253: Load Data End: acc:TIM01, mask:4 
2015/10/14 07:45:04.269: Load Data End: acc:TIM01, mask:8 
2015/10/14 07:45:04.285: Load Data Reply: acc:TIM01, mask:256, return:0 
2015/10/14 07:45:05.957: Load Data End: acc:TIM01, mask:2 
2015/10/14 07:45:06.003: Load Data End: acc:TIM01, mask:4 
2015/10/14 07:45:06.019: Load Data End: acc:TIM01, mask:8 
2015/10/14 07:45:09.660: Load Data End: acc:TIM01, mask:2 
2015/10/14 07:45:09.707: Load Data End: acc:TIM01, mask:4 
2015/10/14 07:45:09.723: Load Data End: acc:TIM01, mask:8 
2015/10/14 08:10:11.138: Load Data End: acc:TIM01, mask:2 
2015/10/14 08:10:11.170: Load Data End: acc:TIM01, mask:4 
2015/10/14 08:10:11.185: Load Data End: acc:TIM01, mask:8 
2015/10/14 08:10:11.701: Load Data End: acc:TIM01, mask:2 
2015/10/14 08:10:11.733: Load Data End: acc:TIM01, mask:4 
2015/10/14 08:10:11.748: Load Data End: acc:TIM01, mask:8 
2015/10/14 12:28:08.786: Start Connect (Host: 10.68.89.2:8080)... 
2015/10/14 12:28:08.786: TServer Login Status: 1 
2015/10/14 12:28:09.059: TServer Login Status: 2 
2015/10/14 12:28:09.060: TServer Login Status: 4 
2015/10/14 12:28:09.061: Logging in ... 
2015/10/14 12:28:09.106: TServer Login Status: 8 
2015/10/14 12:28:09.107: Login Error (Host:) -11460008:No Such User or Wrong Password! 
2015/10/14 12:28:09.137: TServer Login Status: 0 
2015/10/14 12:32:28.441: Start Connect (Host: 10.68.89.2:8080)... 
2015/10/14 12:32:28.442: TServer Login Status: 1 
2015/10/14 12:32:28.691: TServer Login Status: 2 
2015/10/14 12:32:28.695: TServer Login Status: 4 
2015/10/14 12:32:28.696: Logging in ... 
2015/10/14 12:32:28.723: PServer Login Status: HostId#83, Stat=11 
2015/10/14 12:32:28.728: PServer Login Status: HostId#87, Stat=11 
2015/10/14 12:32:28.729: PServer Login Status: HostId#88, Stat=11 
2015/10/14 12:32:28.730: TServer Login Status: 5 
2015/10/14 12:32:28.731: Login OK (Host:)! 
2015/10/14 12:32:28.738: Account OK! 
2015/10/14 12:32:29.316: Load Data End: acc:, mask:128 
2015/10/14 12:32:31.300: Load Data End: acc:TIM01, mask:64 
2015/10/14 12:32:31.386: Load Data End: acc:TIM01, mask:2 
2015/10/14 12:32:31.413: Load Data End: acc:TIM01, mask:4 
2015/10/14 12:32:31.425: Load Data End: acc:TIM01, mask:8 
2015/10/14 12:32:31.443: PServer Login Status: HostId#83, Stat=1 
2015/10/14 12:32:31.474: PServer Login Status: HostId#87, Stat=1 
2015/10/14 12:32:31.504: PServer Login Status: HostId#83, Stat=4 
2015/10/14 12:32:31.518: PServer Login Status: HostId#88, Stat=1 
2015/10/14 12:32:31.534: PServer Login Status: HostId#87, Stat=4 
2015/10/14 12:32:31.558: Load Data Reply: acc:TIM01, mask:256, return:0 
2015/10/14 12:32:31.566: PServer Login Status: HostId#88, Stat=4 
2015/10/14 12:32:31.601: PServer Login Status: HostId#83, Stat=8 
2015/10/14 12:32:31.628: PServer Login Status: HostId#83, Stat=0 
2015/10/14 12:32:31.650: PServer Login Status: HostId#87, Stat=8 
2015/10/14 12:32:31.675: PServer Login Status: HostId#87, Stat=0 
2015/10/14 12:32:31.704: PServer Login Status: HostId#88, Stat=8 
2015/10/14 12:32:31.725: PServer Login Status: HostId#88, Stat=0 
2015/10/14 12:33:10.688: Start Logout ... 
2015/10/14 12:33:10.689: TServer Login Status: 0 
2015/10/14 12:33:10.698: Start Connect (Host: 10.68.89.2:8080)... 
2015/10/14 12:33:10.699: TServer Login Status: 1 
2015/10/14 12:33:10.798: TServer Login Status: 2 
2015/10/14 12:33:10.808: TServer Login Status: 4 
2015/10/14 12:33:10.814: Logging in ... 
2015/10/14 12:33:10.829: PServer Login Status: HostId#83, Stat=11 
2015/10/14 12:33:10.834: PServer Login Status: HostId#87, Stat=11 
2015/10/14 12:33:10.838: PServer Login Status: HostId#88, Stat=11 
2015/10/14 12:33:10.844: TServer Login Status: 5 
2015/10/14 12:33:10.850: Login OK (Host:)! 
2015/10/14 12:33:10.855: Account OK! 
2015/10/14 12:33:11.407: Load Data End: acc:, mask:128 
2015/10/14 12:33:13.391: Load Data End: acc:TIM01, mask:64 
2015/10/14 12:33:13.470: Load Data End: acc:TIM01, mask:2 
2015/10/14 12:33:13.501: Load Data End: acc:TIM01, mask:4 
2015/10/14 12:33:13.517: Load Data End: acc:TIM01, mask:8 
2015/10/14 12:33:13.532: PServer Login Status: HostId#83, Stat=1 
2015/10/14 12:33:13.548: PServer Login Status: HostId#87, Stat=1 
2015/10/14 12:33:13.564: PServer Login Status: HostId#88, Stat=1 
2015/10/14 12:33:13.594: PServer Login Status: HostId#83, Stat=4 
2015/10/14 12:33:13.600: Load Data Reply: acc:TIM01, mask:256, return:0 
2015/10/14 12:33:13.610: PServer Login Status: HostId#87, Stat=4 
2015/10/14 12:33:13.615: PServer Login Status: HostId#88, Stat=4 
2015/10/14 12:33:13.673: PServer Login Status: HostId#83, Stat=8 
2015/10/14 12:33:13.688: PServer Login Status: HostId#83, Stat=0 
2015/10/14 12:33:13.704: PServer Login Status: HostId#87, Stat=8 
2015/10/14 12:33:13.711: PServer Login Status: HostId#88, Stat=8 
2015/10/14 12:33:13.719: PServer Login Status: HostId#87, Stat=0 
2015/10/14 12:33:13.724: PServer Login Status: HostId#88, Stat=0 
2015/10/14 12:33:15.501: Load Data End: acc:TIM01, mask:2 
2015/10/14 12:33:15.532: Load Data End: acc:TIM01, mask:4 
2015/10/14 12:33:15.547: Load Data End: acc:TIM01, mask:8 
2015/10/14 12:33:18.001: Load Data End: acc:TIM01, mask:2 
2015/10/14 12:33:18.032: Load Data End: acc:TIM01, mask:4 
2015/10/14 12:33:18.047: Load Data End: acc:TIM01, mask:8 
2015/10/14 12:35:33.691: Start Connect (Host: 10.68.89.2:8080)... 
2015/10/14 12:35:33.692: TServer Login Status: 1 
2015/10/14 12:35:33.954: TServer Login Status: 2 
2015/10/14 12:35:33.961: TServer Login Status: 4 
2015/10/14 12:35:33.962: Logging in ... 
2015/10/14 12:35:33.986: PServer Login Status: HostId#83, Stat=11 
2015/10/14 12:35:33.989: PServer Login Status: HostId#87, Stat=11 
2015/10/14 12:35:33.990: PServer Login Status: HostId#88, Stat=11 
2015/10/14 12:35:33.991: TServer Login Status: 5 
2015/10/14 12:35:33.994: Login OK (Host:)! 
2015/10/14 12:35:33.996: Account OK! 
2015/10/14 12:35:34.546: Load Data End: acc:, mask:128 
2015/10/14 12:35:36.565: Load Data End: acc:TIM01, mask:64 
2015/10/14 12:35:36.642: Load Data End: acc:TIM01, mask:2 
2015/10/14 12:35:36.674: Load Data End: acc:TIM01, mask:4 
2015/10/14 12:35:36.687: Load Data End: acc:TIM01, mask:8 
2015/10/14 12:35:36.707: PServer Login Status: HostId#83, Stat=1 
2015/10/14 12:35:36.736: PServer Login Status: HostId#87, Stat=1 
2015/10/14 12:35:36.765: PServer Login Status: HostId#83, Stat=4 
2015/10/14 12:35:36.779: PServer Login Status: HostId#88, Stat=1 
2015/10/14 12:35:36.797: PServer Login Status: HostId#87, Stat=4 
2015/10/14 12:35:36.809: Load Data Reply: acc:TIM01, mask:256, return:0 
2015/10/14 12:35:36.845: PServer Login Status: HostId#88, Stat=4 
2015/10/14 12:35:36.875: PServer Login Status: HostId#83, Stat=8 
2015/10/14 12:35:36.884: PServer Login Status: HostId#87, Stat=8 
2015/10/14 12:35:36.913: PServer Login Status: HostId#83, Stat=0 
2015/10/14 12:35:36.937: PServer Login Status: HostId#87, Stat=0 
2015/10/14 12:35:36.946: PServer Login Status: HostId#88, Stat=8 
2015/10/14 12:35:36.975: PServer Login Status: HostId#88, Stat=0 
2015/10/14 12:40:32.332: Start Connect (Host: 10.68.89.2:8080)... 
2015/10/14 12:40:32.333: TServer Login Status: 1 
2015/10/14 12:40:32.589: TServer Login Status: 2 
2015/10/14 12:40:32.595: TServer Login Status: 4 
2015/10/14 12:40:32.597: Logging in ... 
2015/10/14 12:40:32.620: PServer Login Status: HostId#83, Stat=11 
2015/10/14 12:40:32.622: PServer Login Status: HostId#87, Stat=11 
2015/10/14 12:40:32.636: PServer Login Status: HostId#88, Stat=11 
2015/10/14 12:40:32.637: TServer Login Status: 5 
2015/10/14 12:40:32.638: Login OK (Host:)! 
2015/10/14 12:40:32.642: Account OK! 
2015/10/14 12:40:33.199: Load Data End: acc:, mask:128 
2015/10/14 12:40:34.732: Load Data End: acc:TIM01, mask:64 
2015/10/14 12:40:34.811: Load Data End: acc:TIM01, mask:2 
2015/10/14 12:40:34.841: Load Data End: acc:TIM01, mask:4 
2015/10/14 12:40:34.854: Load Data End: acc:TIM01, mask:8 
2015/10/14 12:40:34.874: PServer Login Status: HostId#83, Stat=1 
2015/10/14 12:40:34.908: PServer Login Status: HostId#87, Stat=1 
2015/10/14 12:40:34.948: PServer Login Status: HostId#83, Stat=4 
2015/10/14 12:40:34.962: PServer Login Status: HostId#88, Stat=1 
2015/10/14 12:40:34.984: PServer Login Status: HostId#87, Stat=4 
2015/10/14 12:40:35.017: Load Data Reply: acc:TIM01, mask:256, return:0 
2015/10/14 12:40:35.042: PServer Login Status: HostId#88, Stat=4 
2015/10/14 12:40:35.074: PServer Login Status: HostId#83, Stat=8 
2015/10/14 12:40:35.105: PServer Login Status: HostId#83, Stat=0 
2015/10/14 12:40:35.117: PServer Login Status: HostId#87, Stat=8 
2015/10/14 12:40:35.141: PServer Login Status: HostId#87, Stat=0 
2015/10/14 12:40:35.168: PServer Login Status: HostId#88, Stat=8 
2015/10/14 12:40:35.199: PServer Login Status: HostId#88, Stat=0 
2015/10/14 12:52:16.489: Start Connect (Host: 10.68.89.2:8080)... 
2015/10/14 12:52:16.489: TServer Login Status: 1 
2015/10/14 12:52:16.768: TServer Login Status: 2 
2015/10/14 12:52:16.770: TServer Login Status: 4 
2015/10/14 12:52:16.771: Logging in ... 
2015/10/14 12:52:16.799: PServer Login Status: HostId#83, Stat=11 
2015/10/14 12:52:16.876: PServer Login Status: HostId#87, Stat=11 
2015/10/14 12:52:16.878: PServer Login Status: HostId#88, Stat=11 
2015/10/14 12:52:16.879: TServer Login Status: 5 
2015/10/14 12:52:16.880: Login OK (Host:)! 
2015/10/14 12:52:16.883: Account OK! 
2015/10/14 12:52:17.425: Load Data End: acc:, mask:128 
2015/10/14 12:52:19.221: Load Data End: acc:TIM01, mask:64 
2015/10/14 12:52:19.299: Load Data End: acc:TIM01, mask:2 
2015/10/14 12:52:19.330: Load Data End: acc:TIM01, mask:4 
2015/10/14 12:52:19.346: Load Data End: acc:TIM01, mask:8 
2015/10/14 12:52:19.362: PServer Login Status: HostId#83, Stat=1 
2015/10/14 12:52:19.412: PServer Login Status: HostId#87, Stat=1 
2015/10/14 12:52:19.425: PServer Login Status: HostId#88, Stat=1 
2015/10/14 12:52:19.432: PServer Login Status: HostId#83, Stat=4 
2015/10/14 12:52:19.433: Load Data Reply: acc:TIM01, mask:256, return:0 
2015/10/14 12:52:19.487: PServer Login Status: HostId#87, Stat=4 
2015/10/14 12:52:19.502: PServer Login Status: HostId#88, Stat=4 
2015/10/14 12:52:19.565: PServer Login Status: HostId#83, Stat=8 
2015/10/14 12:52:19.580: PServer Login Status: HostId#83, Stat=0 
2015/10/14 12:52:19.596: PServer Login Status: HostId#87, Stat=8 
2015/10/14 12:52:19.612: PServer Login Status: HostId#87, Stat=0 
2015/10/14 12:52:19.629: PServer Login Status: HostId#88, Stat=8 
2015/10/14 12:52:19.643: PServer Login Status: HostId#88, Stat=0 
2015/10/14 14:29:24.316: Start Connect (Host: 10.68.89.2:8080)... 
2015/10/14 14:29:24.317: TServer Login Status: 1 
2015/10/14 14:29:24.580: TServer Login Status: 2 
2015/10/14 14:29:24.631: TServer Login Status: 4 
2015/10/14 14:29:24.631: Logging in ... 
2015/10/14 14:29:24.657: PServer Login Status: HostId#83, Stat=11 
2015/10/14 14:29:24.673: PServer Login Status: HostId#87, Stat=11 
2015/10/14 14:29:24.698: PServer Login Status: HostId#88, Stat=11 
2015/10/14 14:29:24.699: TServer Login Status: 5 
2015/10/14 14:29:24.701: Login OK (Host:)! 
2015/10/14 14:29:24.702: Account OK! 
2015/10/14 14:29:25.250: Load Data End: acc:, mask:128 
2015/10/14 14:29:26.969: Load Data End: acc:TIM01, mask:64 
2015/10/14 14:29:27.047: Load Data End: acc:TIM01, mask:2 
2015/10/14 14:29:27.078: Load Data End: acc:TIM01, mask:4 
2015/10/14 14:29:27.094: Load Data End: acc:TIM01, mask:8 
2015/10/14 14:29:27.110: PServer Login Status: HostId#83, Stat=1 
2015/10/14 14:29:27.126: PServer Login Status: HostId#87, Stat=1 
2015/10/14 14:29:27.141: PServer Login Status: HostId#88, Stat=1 
2015/10/14 14:29:27.156: Load Data Reply: acc:TIM01, mask:256, return:0 
2015/10/14 14:29:27.188: PServer Login Status: HostId#83, Stat=4 
2015/10/14 14:29:27.203: PServer Login Status: HostId#87, Stat=4 
2015/10/14 14:29:27.219: PServer Login Status: HostId#88, Stat=4 
2015/10/14 14:29:27.329: PServer Login Status: HostId#83, Stat=8 
2015/10/14 14:29:27.342: PServer Login Status: HostId#87, Stat=8 
2015/10/14 14:29:27.356: PServer Login Status: HostId#83, Stat=0 
2015/10/14 14:29:27.381: PServer Login Status: HostId#87, Stat=0 
2015/10/14 14:29:27.400: PServer Login Status: HostId#88, Stat=8 
2015/10/14 14:29:27.422: PServer Login Status: HostId#88, Stat=0 
2015/10/14 14:38:37.989: Start Connect (Host: 10.68.89.2:8080)... 
2015/10/14 14:38:37.989: TServer Login Status: 1 
2015/10/14 14:38:38.274: TServer Login Status: 2 
2015/10/14 14:38:38.276: TServer Login Status: 4 
2015/10/14 14:38:38.277: Logging in ... 
2015/10/14 14:38:38.290: PServer Login Status: HostId#83, Stat=11 
2015/10/14 14:38:38.314: PServer Login Status: HostId#87, Stat=11 
2015/10/14 14:38:38.348: PServer Login Status: HostId#88, Stat=11 
2015/10/14 14:38:38.349: TServer Login Status: 5 
2015/10/14 14:38:38.370: Login OK (Host:)! 
2015/10/14 14:38:38.371: Account OK! 
2015/10/14 14:38:38.852: Load Data End: acc:, mask:128 
2015/10/14 14:38:40.541: Load Data End: acc:TIM01, mask:64 
2015/10/14 14:38:40.551: Load Data End: acc:TIM01, mask:2 
2015/10/14 14:38:40.558: Load Data End: acc:TIM01, mask:4 
2015/10/14 14:38:40.560: Load Data End: acc:TIM01, mask:8 
2015/10/14 14:38:40.567: PServer Login Status: HostId#83, Stat=1 
2015/10/14 14:38:40.570: PServer Login Status: HostId#87, Stat=1 
2015/10/14 14:38:40.574: PServer Login Status: HostId#88, Stat=1 
2015/10/14 14:38:40.577: Load Data Reply: acc:TIM01, mask:256, return:0 
2015/10/14 14:38:40.649: PServer Login Status: HostId#83, Stat=4 
2015/10/14 14:38:40.650: PServer Login Status: HostId#87, Stat=4 
2015/10/14 14:38:40.651: PServer Login Status: HostId#88, Stat=4 
2015/10/14 14:38:40.759: PServer Login Status: HostId#83, Stat=8 
2015/10/14 14:38:40.774: PServer Login Status: HostId#83, Stat=0 
2015/10/14 14:38:40.786: PServer Login Status: HostId#87, Stat=8 
2015/10/14 14:38:40.798: PServer Login Status: HostId#88, Stat=8 
2015/10/14 14:38:40.822: PServer Login Status: HostId#87, Stat=0 
2015/10/14 14:38:40.834: PServer Login Status: HostId#88, Stat=0 
2015/10/14 14:42:07.926: Start Connect (Host: 10.68.89.2:8080)... 
2015/10/14 14:42:07.926: TServer Login Status: 1 
2015/10/14 14:42:08.167: TServer Login Status: 2 
2015/10/14 14:42:08.168: TServer Login Status: 4 
2015/10/14 14:42:08.171: Logging in ... 
2015/10/14 14:42:08.197: PServer Login Status: HostId#83, Stat=11 
2015/10/14 14:42:08.201: PServer Login Status: HostId#87, Stat=11 
2015/10/14 14:42:08.202: PServer Login Status: HostId#88, Stat=11 
2015/10/14 14:42:08.203: TServer Login Status: 5 
2015/10/14 14:42:08.217: Login OK (Host:)! 
2015/10/14 14:42:08.218: Account OK! 
2015/10/14 14:42:08.775: Load Data End: acc:, mask:128 
2015/10/14 14:42:10.540: Load Data End: acc:TIM01, mask:64 
2015/10/14 14:42:10.618: Load Data End: acc:TIM01, mask:2 
2015/10/14 14:42:10.650: Load Data End: acc:TIM01, mask:4 
2015/10/14 14:42:10.665: Load Data End: acc:TIM01, mask:8 
2015/10/14 14:42:10.682: PServer Login Status: HostId#83, Stat=1 
2015/10/14 14:42:10.697: PServer Login Status: HostId#87, Stat=1 
2015/10/14 14:42:10.713: PServer Login Status: HostId#88, Stat=1 
2015/10/14 14:42:10.728: Load Data Reply: acc:TIM01, mask:256, return:0 
2015/10/14 14:42:10.775: PServer Login Status: HostId#83, Stat=4 
2015/10/14 14:42:10.778: PServer Login Status: HostId#87, Stat=4 
2015/10/14 14:42:10.790: PServer Login Status: HostId#88, Stat=4 
2015/10/14 14:42:10.900: PServer Login Status: HostId#83, Stat=8 
2015/10/14 14:42:10.915: PServer Login Status: HostId#83, Stat=0 
2015/10/14 14:42:10.931: PServer Login Status: HostId#87, Stat=8 
2015/10/14 14:42:10.945: PServer Login Status: HostId#88, Stat=8 
2015/10/14 14:42:10.962: PServer Login Status: HostId#87, Stat=0 
2015/10/14 14:42:10.975: PServer Login Status: HostId#88, Stat=0 
2015/10/14 14:45:39.691: Start Connect (Host: 10.68.89.2:8080)... 
2015/10/14 14:45:39.692: TServer Login Status: 1 
2015/10/14 14:45:39.987: TServer Login Status: 2 
2015/10/14 14:45:40.057: TServer Login Status: 4 
2015/10/14 14:45:40.067: Logging in ... 
2015/10/14 14:45:40.128: PServer Login Status: HostId#83, Stat=11 
2015/10/14 14:45:40.140: PServer Login Status: HostId#87, Stat=11 
2015/10/14 14:45:40.175: PServer Login Status: HostId#88, Stat=11 
2015/10/14 14:45:40.176: TServer Login Status: 5 
2015/10/14 14:45:40.176: Login OK (Host:)! 
2015/10/14 14:45:40.177: Account OK! 
2015/10/14 14:45:40.737: Load Data End: acc:, mask:128 
2015/10/14 14:45:42.206: Load Data End: acc:TIM01, mask:64 
2015/10/14 14:45:42.284: Load Data End: acc:TIM01, mask:2 
2015/10/14 14:45:42.315: Load Data End: acc:TIM01, mask:4 
2015/10/14 14:45:42.330: Load Data End: acc:TIM01, mask:8 
2015/10/14 14:45:42.347: PServer Login Status: HostId#83, Stat=1 
2015/10/14 14:45:42.362: PServer Login Status: HostId#87, Stat=1 
2015/10/14 14:45:42.378: PServer Login Status: HostId#88, Stat=1 
2015/10/14 14:45:42.393: Load Data Reply: acc:TIM01, mask:256, return:0 
2015/10/14 14:45:42.424: PServer Login Status: HostId#83, Stat=4 
2015/10/14 14:45:42.440: PServer Login Status: HostId#87, Stat=4 
2015/10/14 14:45:42.450: PServer Login Status: HostId#88, Stat=4 
2015/10/14 14:45:42.549: PServer Login Status: HostId#83, Stat=8 
2015/10/14 14:45:42.565: PServer Login Status: HostId#83, Stat=0 
2015/10/14 14:45:42.576: PServer Login Status: HostId#87, Stat=8 
2015/10/14 14:45:42.596: PServer Login Status: HostId#87, Stat=0 
2015/10/14 14:45:42.607: PServer Login Status: HostId#88, Stat=8 
2015/10/14 14:45:42.627: PServer Login Status: HostId#88, Stat=0 
2015/10/14 14:46:45.082: Start Connect (Host: 10.68.89.2:8080)... 
2015/10/14 14:46:45.084: TServer Login Status: 1 
2015/10/14 14:46:45.359: TServer Login Status: 2 
2015/10/14 14:46:45.365: TServer Login Status: 4 
2015/10/14 14:46:45.365: Logging in ... 
2015/10/14 14:46:45.403: PServer Login Status: HostId#83, Stat=11 
2015/10/14 14:46:45.407: PServer Login Status: HostId#87, Stat=11 
2015/10/14 14:46:45.408: PServer Login Status: HostId#88, Stat=11 
2015/10/14 14:46:45.409: TServer Login Status: 5 
2015/10/14 14:46:45.430: Login OK (Host:)! 
2015/10/14 14:46:45.431: Account OK! 
2015/10/14 14:46:45.981: Load Data End: acc:, mask:128 
2015/10/14 14:46:46.879: Load Data End: acc:TIM01, mask:64 
2015/10/14 14:46:46.950: Load Data End: acc:TIM01, mask:2 
2015/10/14 14:46:46.981: Load Data End: acc:TIM01, mask:4 
2015/10/14 14:46:46.997: Load Data End: acc:TIM01, mask:8 
2015/10/14 14:46:47.013: PServer Login Status: HostId#83, Stat=1 
2015/10/14 14:46:47.028: PServer Login Status: HostId#87, Stat=1 
2015/10/14 14:46:47.044: PServer Login Status: HostId#88, Stat=1 
2015/10/14 14:46:47.059: Load Data Reply: acc:TIM01, mask:256, return:0 
2015/10/14 14:46:47.106: PServer Login Status: HostId#83, Stat=4 
2015/10/14 14:46:47.107: PServer Login Status: HostId#87, Stat=4 
2015/10/14 14:46:47.122: PServer Login Status: HostId#88, Stat=4 
2015/10/14 14:46:47.231: PServer Login Status: HostId#83, Stat=8 
2015/10/14 14:46:47.238: PServer Login Status: HostId#87, Stat=8 
2015/10/14 14:46:47.247: PServer Login Status: HostId#83, Stat=0 
2015/10/14 14:46:47.262: PServer Login Status: HostId#87, Stat=0 
2015/10/14 14:46:47.271: PServer Login Status: HostId#88, Stat=8 
2015/10/14 14:46:47.294: PServer Login Status: HostId#88, Stat=0 
2015/10/14 14:53:21.473: Start Connect (Host: 10.68.89.2:8080)... 
2015/10/14 14:53:21.474: TServer Login Status: 1 
2015/10/14 14:53:21.842: TServer Login Status: 2 
2015/10/14 14:53:21.855: TServer Login Status: 4 
2015/10/14 14:53:21.867: Logging in ... 
2015/10/14 14:53:21.889: PServer Login Status: HostId#83, Stat=11 
2015/10/14 14:53:21.903: PServer Login Status: HostId#87, Stat=11 
2015/10/14 14:53:21.935: PServer Login Status: HostId#88, Stat=11 
2015/10/14 14:53:21.949: TServer Login Status: 5 
2015/10/14 14:53:21.978: Login OK (Host:)! 
2015/10/14 14:53:21.992: Account OK! 
2015/10/14 14:53:22.483: Load Data End: acc:, mask:128 
2015/10/14 14:53:24.357: Load Data End: acc:TIM01, mask:64 
2015/10/14 14:53:24.421: Load Data End: acc:TIM01, mask:2 
2015/10/14 14:53:24.425: Load Data End: acc:TIM01, mask:4 
2015/10/14 14:53:24.427: Load Data End: acc:TIM01, mask:8 
2015/10/14 14:53:24.429: PServer Login Status: HostId#83, Stat=1 
2015/10/14 14:53:24.452: PServer Login Status: HostId#87, Stat=1 
2015/10/14 14:53:24.467: PServer Login Status: HostId#88, Stat=1 
2015/10/14 14:53:24.482: Load Data Reply: acc:TIM01, mask:256, return:0 
2015/10/14 14:53:24.515: PServer Login Status: HostId#83, Stat=4 
2015/10/14 14:53:24.530: PServer Login Status: HostId#87, Stat=4 
2015/10/14 14:53:24.545: PServer Login Status: HostId#88, Stat=4 
2015/10/14 14:53:24.623: PServer Login Status: HostId#83, Stat=8 
2015/10/14 14:53:24.641: PServer Login Status: HostId#83, Stat=0 
2015/10/14 14:53:24.654: PServer Login Status: HostId#87, Stat=8 
2015/10/14 14:53:24.670: PServer Login Status: HostId#87, Stat=0 
2015/10/14 14:53:24.681: PServer Login Status: HostId#88, Stat=8 
2015/10/14 14:53:24.701: PServer Login Status: HostId#88, Stat=0 
2015/10/14 15:00:18.630: Start Connect (Host: 10.68.89.2:8080)... 
2015/10/14 15:00:18.630: TServer Login Status: 1 
2015/10/14 15:00:19.025: TServer Login Status: 2 
2015/10/14 15:00:19.038: TServer Login Status: 4 
2015/10/14 15:00:19.048: Logging in ... 
2015/10/14 15:00:19.085: PServer Login Status: HostId#83, Stat=11 
2015/10/14 15:00:19.101: PServer Login Status: HostId#87, Stat=11 
2015/10/14 15:00:19.112: PServer Login Status: HostId#88, Stat=11 
2015/10/14 15:00:19.131: TServer Login Status: 5 
2015/10/14 15:00:19.143: Login OK (Host:)! 
2015/10/14 15:00:19.153: Account OK! 
2015/10/14 15:00:19.618: Load Data End: acc:, mask:128 
2015/10/14 15:00:21.451: Load Data End: acc:TIM01, mask:64 
2015/10/14 15:00:21.461: Load Data End: acc:TIM01, mask:2 
2015/10/14 15:00:21.493: Load Data End: acc:TIM01, mask:4 
2015/10/14 15:00:21.509: Load Data End: acc:TIM01, mask:8 
2015/10/14 15:00:21.525: PServer Login Status: HostId#83, Stat=1 
2015/10/14 15:00:21.543: PServer Login Status: HostId#87, Stat=1 
2015/10/14 15:00:21.556: PServer Login Status: HostId#88, Stat=1 
2015/10/14 15:00:21.571: Load Data Reply: acc:TIM01, mask:256, return:0 
2015/10/14 15:00:21.603: PServer Login Status: HostId#83, Stat=4 
2015/10/14 15:00:21.618: PServer Login Status: HostId#87, Stat=4 
2015/10/14 15:00:21.631: PServer Login Status: HostId#88, Stat=4 
2015/10/14 15:00:21.728: PServer Login Status: HostId#83, Stat=8 
2015/10/14 15:00:21.743: PServer Login Status: HostId#83, Stat=0 
2015/10/14 15:00:21.755: PServer Login Status: HostId#87, Stat=8 
2015/10/14 15:00:21.767: PServer Login Status: HostId#88, Stat=8 
2015/10/14 15:00:21.790: PServer Login Status: HostId#87, Stat=0 
2015/10/14 15:00:21.819: PServer Login Status: HostId#88, Stat=0 
2015/10/14 15:04:24.082: Start Connect (Host: 10.68.89.2:8080)... 
2015/10/14 15:04:24.083: TServer Login Status: 1 
2015/10/14 15:04:24.405: TServer Login Status: 2 
2015/10/14 15:04:24.416: TServer Login Status: 4 
2015/10/14 15:04:24.431: Logging in ... 
2015/10/14 15:04:24.441: PServer Login Status: HostId#83, Stat=11 
2015/10/14 15:04:24.454: PServer Login Status: HostId#87, Stat=11 
2015/10/14 15:04:24.469: PServer Login Status: HostId#88, Stat=11 
2015/10/14 15:04:24.502: TServer Login Status: 5 
2015/10/14 15:04:24.515: Login OK (Host:)! 
2015/10/14 15:04:24.527: Account OK! 
2015/10/14 15:04:25.076: Load Data End: acc:, mask:128 
2015/10/14 15:04:26.545: Load Data End: acc:TIM01, mask:64 
2015/10/14 15:04:26.623: Load Data End: acc:TIM01, mask:2 
2015/10/14 15:04:26.655: Load Data End: acc:TIM01, mask:4 
2015/10/14 15:04:26.670: Load Data End: acc:TIM01, mask:8 
2015/10/14 15:04:26.686: PServer Login Status: HostId#83, Stat=1 
2015/10/14 15:04:26.702: PServer Login Status: HostId#87, Stat=1 
2015/10/14 15:04:26.718: PServer Login Status: HostId#88, Stat=1 
2015/10/14 15:04:26.748: Load Data Reply: acc:TIM01, mask:256, return:0 
2015/10/14 15:04:26.764: PServer Login Status: HostId#83, Stat=4 
2015/10/14 15:04:26.826: PServer Login Status: HostId#87, Stat=4 
2015/10/14 15:04:26.838: PServer Login Status: HostId#88, Stat=4 
2015/10/14 15:04:26.889: PServer Login Status: HostId#83, Stat=8 
2015/10/14 15:04:26.905: PServer Login Status: HostId#83, Stat=0 
2015/10/14 15:04:27.170: PServer Login Status: HostId#87, Stat=8 
2015/10/14 15:04:27.201: PServer Login Status: HostId#87, Stat=0 
2015/10/14 15:04:27.561: PServer Login Status: HostId#88, Stat=8 
2015/10/14 15:04:27.576: PServer Login Status: HostId#88, Stat=0 
2015/10/14 15:05:45.082: Start Connect (Host: 10.68.89.2:8080)... 
2015/10/14 15:05:45.083: TServer Login Status: 1 
2015/10/14 15:05:45.400: TServer Login Status: 2 
2015/10/14 15:05:45.418: TServer Login Status: 4 
2015/10/14 15:05:45.431: Logging in ... 
2015/10/14 15:05:45.447: PServer Login Status: HostId#83, Stat=11 
2015/10/14 15:05:45.459: PServer Login Status: HostId#87, Stat=11 
2015/10/14 15:05:45.474: PServer Login Status: HostId#88, Stat=11 
2015/10/14 15:05:45.537: TServer Login Status: 5 
2015/10/14 15:05:45.552: Login OK (Host:)! 
2015/10/14 15:05:45.567: Account OK! 
2015/10/14 15:05:45.927: Load Data End: acc:, mask:128 
2015/10/14 15:05:47.681: Load Data End: acc:TIM01, mask:64 
2015/10/14 15:05:47.759: Load Data End: acc:TIM01, mask:2 
2015/10/14 15:05:47.790: Load Data End: acc:TIM01, mask:4 
2015/10/14 15:05:47.806: Load Data End: acc:TIM01, mask:8 
2015/10/14 15:05:47.822: PServer Login Status: HostId#83, Stat=1 
2015/10/14 15:05:47.837: PServer Login Status: HostId#87, Stat=1 
2015/10/14 15:05:47.853: PServer Login Status: HostId#88, Stat=1 
2015/10/14 15:05:47.868: Load Data Reply: acc:TIM01, mask:256, return:0 
2015/10/14 15:05:47.899: PServer Login Status: HostId#83, Stat=4 
2015/10/14 15:05:47.918: PServer Login Status: HostId#87, Stat=4 
2015/10/14 15:05:47.932: PServer Login Status: HostId#88, Stat=4 
2015/10/14 15:05:48.025: PServer Login Status: HostId#83, Stat=8 
2015/10/14 15:05:48.055: PServer Login Status: HostId#83, Stat=0 
2015/10/14 15:05:48.071: PServer Login Status: HostId#87, Stat=8 
2015/10/14 15:05:48.090: PServer Login Status: HostId#88, Stat=8 
2015/10/14 15:05:48.118: PServer Login Status: HostId#87, Stat=0 
2015/10/14 15:05:48.132: PServer Login Status: HostId#88, Stat=0 
2015/10/14 15:17:45.926: Start Connect (Host: 10.68.89.2:8080)... 
2015/10/14 15:17:45.927: TServer Login Status: 1 
2015/10/14 15:17:46.234: TServer Login Status: 2 
2015/10/14 15:17:46.248: TServer Login Status: 4 
2015/10/14 15:17:46.261: Logging in ... 
2015/10/14 15:17:46.264: PServer Login Status: HostId#83, Stat=11 
2015/10/14 15:17:46.288: PServer Login Status: HostId#87, Stat=11 
2015/10/14 15:17:46.353: PServer Login Status: HostId#88, Stat=11 
2015/10/14 15:17:46.375: TServer Login Status: 5 
2015/10/14 15:17:46.415: Login OK (Host:)! 
2015/10/14 15:17:46.428: Account OK! 
2015/10/14 15:17:46.982: Load Data End: acc:, mask:128 
2015/10/14 15:17:48.779: Load Data End: acc:TIM01, mask:64 
2015/10/14 15:17:48.857: Load Data End: acc:TIM01, mask:2 
2015/10/14 15:17:48.888: Load Data End: acc:TIM01, mask:4 
2015/10/14 15:17:48.904: Load Data End: acc:TIM01, mask:8 
2015/10/14 15:17:48.920: PServer Login Status: HostId#83, Stat=1 
2015/10/14 15:17:48.935: PServer Login Status: HostId#87, Stat=1 
2015/10/14 15:17:48.967: PServer Login Status: HostId#88, Stat=1 
2015/10/14 15:17:48.985: PServer Login Status: HostId#83, Stat=4 
2015/10/14 15:17:49.008: Load Data Reply: acc:TIM01, mask:256, return:0 
2015/10/14 15:17:49.029: PServer Login Status: HostId#87, Stat=4 
2015/10/14 15:17:49.044: PServer Login Status: HostId#88, Stat=4 
2015/10/14 15:17:49.140: PServer Login Status: HostId#83, Stat=8 
2015/10/14 15:17:49.152: PServer Login Status: HostId#87, Stat=8 
2015/10/14 15:17:49.185: PServer Login Status: HostId#83, Stat=0 
2015/10/14 15:17:49.197: PServer Login Status: HostId#87, Stat=0 
2015/10/14 15:17:49.209: PServer Login Status: HostId#88, Stat=8 
2015/10/14 15:17:49.232: PServer Login Status: HostId#88, Stat=0 
2015/10/14 15:19:47.816: Start Connect (Host: 10.68.89.2:8080)... 
2015/10/14 15:19:47.818: TServer Login Status: 1 
2015/10/14 15:19:48.136: TServer Login Status: 2 
2015/10/14 15:19:48.156: TServer Login Status: 4 
2015/10/14 15:19:48.179: Logging in ... 
2015/10/14 15:19:48.183: PServer Login Status: HostId#83, Stat=11 
2015/10/14 15:19:48.199: PServer Login Status: HostId#87, Stat=11 
2015/10/14 15:19:48.215: PServer Login Status: HostId#88, Stat=11 
2015/10/14 15:19:48.232: TServer Login Status: 5 
2015/10/14 15:19:48.265: Login OK (Host:)! 
2015/10/14 15:19:48.281: Account OK! 
2015/10/14 15:19:48.855: Load Data End: acc:, mask:128 
2015/10/14 15:19:51.027: Load Data End: acc:TIM01, mask:64 
2015/10/14 15:19:51.040: Load Data End: acc:TIM01, mask:2 
2015/10/14 15:19:51.058: Load Data End: acc:TIM01, mask:4 
2015/10/14 15:19:51.074: Load Data End: acc:TIM01, mask:8 
2015/10/14 15:19:51.090: PServer Login Status: HostId#83, Stat=1 
2015/10/14 15:19:51.106: PServer Login Status: HostId#87, Stat=1 
2015/10/14 15:19:51.121: PServer Login Status: HostId#88, Stat=1 
2015/10/14 15:19:51.136: Load Data Reply: acc:TIM01, mask:256, return:0 
2015/10/14 15:19:51.168: PServer Login Status: HostId#83, Stat=4 
2015/10/14 15:19:51.183: PServer Login Status: HostId#87, Stat=4 
2015/10/14 15:19:51.193: PServer Login Status: HostId#88, Stat=4 
2015/10/14 15:19:51.294: PServer Login Status: HostId#83, Stat=8 
2015/10/14 15:19:51.324: PServer Login Status: HostId#83, Stat=0 
2015/10/14 15:19:51.335: PServer Login Status: HostId#87, Stat=8 
2015/10/14 15:19:51.376: PServer Login Status: HostId#87, Stat=0 
2015/10/14 15:19:51.385: PServer Login Status: HostId#88, Stat=8 
2015/10/14 15:19:51.402: PServer Login Status: HostId#88, Stat=0 
2015/10/14 15:25:25.316: Start Connect (Host: 10.68.89.2:8080)... 
2015/10/14 15:25:25.318: TServer Login Status: 1 
2015/10/14 15:25:25.557: TServer Login Status: 2 
2015/10/14 15:25:25.558: TServer Login Status: 4 
2015/10/14 15:25:25.563: Logging in ... 
2015/10/14 15:25:25.572: PServer Login Status: HostId#83, Stat=11 
2015/10/14 15:25:25.574: PServer Login Status: HostId#87, Stat=11 
2015/10/14 15:25:25.579: PServer Login Status: HostId#88, Stat=11 
2015/10/14 15:25:25.588: TServer Login Status: 5 
2015/10/14 15:25:25.589: Login OK (Host:)! 
2015/10/14 15:25:25.590: Account OK! 
2015/10/14 15:25:26.151: Load Data End: acc:, mask:128 
2015/10/14 15:25:27.932: Load Data End: acc:TIM01, mask:64 
2015/10/14 15:25:28.010: Load Data End: acc:TIM01, mask:2 
2015/10/14 15:25:28.057: Load Data End: acc:TIM01, mask:4 
2015/10/14 15:25:28.072: Load Data End: acc:TIM01, mask:8 
2015/10/14 15:25:28.088: PServer Login Status: HostId#83, Stat=1 
2015/10/14 15:25:28.104: PServer Login Status: HostId#87, Stat=1 
2015/10/14 15:25:28.135: PServer Login Status: HostId#88, Stat=1 
2015/10/14 15:25:28.166: PServer Login Status: HostId#83, Stat=4 
2015/10/14 15:25:28.178: Load Data Reply: acc:TIM01, mask:256, return:0 
2015/10/14 15:25:28.182: PServer Login Status: HostId#87, Stat=4 
2015/10/14 15:25:28.197: PServer Login Status: HostId#88, Stat=4 
2015/10/14 15:25:28.307: PServer Login Status: HostId#83, Stat=8 
2015/10/14 15:25:28.338: PServer Login Status: HostId#83, Stat=0 
2015/10/14 15:25:28.355: PServer Login Status: HostId#87, Stat=8 
2015/10/14 15:25:28.370: PServer Login Status: HostId#88, Stat=8 
2015/10/14 15:25:28.400: PServer Login Status: HostId#87, Stat=0 
2015/10/14 15:25:28.421: PServer Login Status: HostId#88, Stat=0 
2015/10/14 15:37:48.019: Start Connect (Host: 10.68.89.2:8080)... 
2015/10/14 15:37:48.020: TServer Login Status: 1 
2015/10/14 15:37:48.302: TServer Login Status: 2 
2015/10/14 15:37:48.313: TServer Login Status: 4 
2015/10/14 15:37:48.330: Logging in ... 
2015/10/14 15:37:48.334: PServer Login Status: HostId#83, Stat=11 
2015/10/14 15:37:48.349: PServer Login Status: HostId#87, Stat=11 
2015/10/14 15:37:48.364: PServer Login Status: HostId#88, Stat=11 
2015/10/14 15:37:48.376: TServer Login Status: 5 
2015/10/14 15:37:48.390: Login OK (Host:)! 
2015/10/14 15:37:48.404: Account OK! 
2015/10/14 15:37:48.797: Load Data End: acc:, mask:128 
2015/10/14 15:37:50.443: Load Data End: acc:TIM01, mask:64 
2015/10/14 15:37:50.521: Load Data End: acc:TIM01, mask:2 
2015/10/14 15:37:50.552: Load Data End: acc:TIM01, mask:4 
2015/10/14 15:37:50.568: Load Data End: acc:TIM01, mask:8 
2015/10/14 15:37:50.584: PServer Login Status: HostId#83, Stat=1 
2015/10/14 15:37:50.615: PServer Login Status: HostId#87, Stat=1 
2015/10/14 15:37:50.631: PServer Login Status: HostId#88, Stat=1 
2015/10/14 15:37:50.661: PServer Login Status: HostId#83, Stat=4 
2015/10/14 15:37:50.683: Load Data Reply: acc:TIM01, mask:256, return:0 
2015/10/14 15:37:50.755: PServer Login Status: HostId#87, Stat=4 
2015/10/14 15:37:50.769: PServer Login Status: HostId#88, Stat=4 
2015/10/14 15:37:50.784: PServer Login Status: HostId#83, Stat=5 
2015/10/14 15:37:51.099: PServer Login Status: HostId#87, Stat=5 
2015/10/14 15:37:51.112: PServer Login Status: HostId#88, Stat=5 
2015/10/14 15:47:52.644: PServer Login Status: HostId#83, Stat=6 
2015/10/14 15:47:52.649: PServer Login Status: HostId#87, Stat=6 
2015/10/14 15:47:52.660: PServer Login Status: HostId#88, Stat=6 
2015/10/14 15:47:52.668: Start Logout ... 
2015/10/14 15:47:52.668: TServer Login Status: 0 
2015/10/14 15:47:52.674: Start Connect (Host: 10.68.89.2:8080)... 
2015/10/14 15:47:52.675: TServer Login Status: 1 
2015/10/14 15:47:52.723: PServer Login Status: HostId#83, Stat=7 
2015/10/14 15:47:52.738: PServer Login Status: HostId#87, Stat=7 
2015/10/14 15:47:52.749: PServer Login Status: HostId#88, Stat=7 
2015/10/14 15:47:52.769: TServer Login Status: 2 
2015/10/14 15:47:52.785: TServer Login Status: 4 
2015/10/14 15:47:52.790: Logging in ... 
2015/10/14 15:47:52.801: PServer Login Status: HostId#83, Stat=0 
2015/10/14 15:47:52.805: PServer Login Status: HostId#83, Stat=11 
2015/10/14 15:47:52.813: TServer Login Status: 5 
2015/10/14 15:47:52.819: Login OK (Host:)! 
2015/10/14 15:47:52.825: Account OK! 
2015/10/14 15:47:52.832: PServer Login Status: HostId#87, Stat=0 
2015/10/14 15:47:52.838: PServer Login Status: HostId#88, Stat=0 
2015/10/14 15:47:53.255: Load Data End: acc:, mask:128 
2015/10/14 15:47:54.816: Load Data End: acc:TIM01, mask:64 
2015/10/14 15:47:54.894: Load Data End: acc:TIM01, mask:2 
2015/10/14 15:47:54.926: Load Data End: acc:TIM01, mask:4 
2015/10/14 15:47:54.941: Load Data End: acc:TIM01, mask:8 
2015/10/14 15:47:54.957: PServer Login Status: HostId#83, Stat=1 
2015/10/14 15:47:54.973: Load Data Reply: acc:TIM01, mask:256, return:0 
2015/10/14 15:47:55.035: PServer Login Status: HostId#83, Stat=4 
2015/10/14 15:47:55.458: PServer Login Status: HostId#83, Stat=5 
2015/10/14 15:47:58.441: Load Data End: acc:TIM01, mask:2 
2015/10/14 15:47:58.472: Load Data End: acc:TIM01, mask:4 
2015/10/14 15:47:58.488: Load Data End: acc:TIM01, mask:8 
2015/10/14 15:48:00.081: Load Data End: acc:TIM01, mask:2 
2015/10/14 15:48:00.113: Load Data End: acc:TIM01, mask:4 
2015/10/14 15:48:00.129: Load Data End: acc:TIM01, mask:8 
2015/10/14 15:59:11.144: Start Connect (Host: 10.68.89.2:8080)... 
2015/10/14 15:59:11.145: TServer Login Status: 1 
2015/10/14 15:59:11.452: TServer Login Status: 2 
2015/10/14 15:59:11.461: TServer Login Status: 4 
2015/10/14 15:59:11.471: Logging in ... 
2015/10/14 15:59:11.514: PServer Login Status: HostId#83, Stat=11 
2015/10/14 15:59:11.529: PServer Login Status: HostId#87, Stat=11 
2015/10/14 15:59:11.543: PServer Login Status: HostId#88, Stat=11 
2015/10/14 15:59:11.553: TServer Login Status: 5 
2015/10/14 15:59:11.566: Login OK (Host:)! 
2015/10/14 15:59:11.578: Account OK! 
2015/10/14 15:59:12.002: Load Data End: acc:, mask:128 
2015/10/14 15:59:13.374: Load Data End: acc:TIM01, mask:64 
2015/10/14 15:59:13.452: Load Data End: acc:TIM01, mask:2 
2015/10/14 15:59:13.483: Load Data End: acc:TIM01, mask:4 
2015/10/14 15:59:13.514: Load Data End: acc:TIM01, mask:8 
2015/10/14 15:59:13.531: PServer Login Status: HostId#83, Stat=1 
2015/10/14 15:59:13.546: PServer Login Status: HostId#87, Stat=1 
2015/10/14 15:59:13.561: PServer Login Status: HostId#88, Stat=1 
2015/10/14 15:59:13.577: Load Data Reply: acc:TIM01, mask:256, return:0 
2015/10/14 15:59:13.608: PServer Login Status: HostId#83, Stat=4 
2015/10/14 15:59:13.624: PServer Login Status: HostId#87, Stat=4 
2015/10/14 15:59:13.639: PServer Login Status: HostId#88, Stat=4 
2015/10/14 15:59:13.733: PServer Login Status: HostId#83, Stat=5 
2015/10/14 15:59:13.754: PServer Login Status: HostId#87, Stat=5 
2015/10/14 15:59:13.780: PServer Login Status: HostId#88, Stat=5 
2015/10/14 16:03:53.269: PServer Login Status: HostId#88, Stat=0 
2015/10/14 16:03:53.284: PServer Login Status: HostId#88, Stat=1 
2015/10/14 16:03:53.363: PServer Login Status: HostId#88, Stat=4 
2015/10/14 16:03:53.488: PServer Login Status: HostId#88, Stat=5 
2015/10/14 16:25:15.801: PServer Login Status: HostId#88, Stat=0 
2015/10/14 16:25:15.806: PServer Login Status: HostId#88, Stat=1 
2015/10/14 16:25:15.878: PServer Login Status: HostId#88, Stat=4 
2015/10/14 16:25:16.003: PServer Login Status: HostId#88, Stat=5 
2015/10/14 16:34:02.019: PServer Login Status: HostId#88, Stat=0 
2015/10/14 16:34:02.026: PServer Login Status: HostId#88, Stat=1 
2015/10/14 16:34:02.133: PServer Login Status: HostId#88, Stat=4 
2015/10/14 16:34:02.428: PServer Login Status: HostId#88, Stat=5 
2015/10/14 16:51:48.644: PServer Login Status: HostId#88, Stat=0 
2015/10/14 16:51:48.660: PServer Login Status: HostId#88, Stat=1 
2015/10/14 16:51:48.769: PServer Login Status: HostId#88, Stat=4 
2015/10/14 16:51:48.894: PServer Login Status: HostId#88, Stat=5 
2015/10/14 16:56:04.207: Start Connect (Host: 10.68.89.2:8080)... 
2015/10/14 16:56:04.208: TServer Login Status: 1 
2015/10/14 16:56:04.557: TServer Login Status: 2 
2015/10/14 16:56:04.666: TServer Login Status: 4 
2015/10/14 16:56:04.679: Logging in ... 
2015/10/14 16:56:04.697: PServer Login Status: HostId#83, Stat=11 
2015/10/14 16:56:04.713: PServer Login Status: HostId#87, Stat=11 
2015/10/14 16:56:04.750: PServer Login Status: HostId#88, Stat=11 
2015/10/14 16:56:04.772: TServer Login Status: 5 
2015/10/14 16:56:04.786: Login OK (Host:)! 
2015/10/14 16:56:04.800: Account OK! 
2015/10/14 16:56:05.359: Load Data End: acc:, mask:128 
2015/10/14 16:56:46.539: Load Data End: acc:TIM01, mask:64 
2015/10/14 16:56:46.617: Load Data End: acc:TIM01, mask:2 
2015/10/14 16:56:46.648: Load Data End: acc:TIM01, mask:4 
2015/10/14 16:56:46.664: Load Data End: acc:TIM01, mask:8 
2015/10/14 16:56:46.680: PServer Login Status: HostId#83, Stat=1 
2015/10/14 16:56:46.713: PServer Login Status: HostId#87, Stat=1 
2015/10/14 16:56:46.773: PServer Login Status: HostId#83, Stat=4 
2015/10/14 16:56:46.801: PServer Login Status: HostId#88, Stat=1 
2015/10/14 16:56:46.820: PServer Login Status: HostId#87, Stat=4 
2015/10/14 16:56:46.834: Load Data Reply: acc:TIM01, mask:256, return:0 
2015/10/14 16:56:46.882: PServer Login Status: HostId#83, Stat=5 
2015/10/14 16:56:46.896: PServer Login Status: HostId#88, Stat=4 
2015/10/14 16:56:46.914: PServer Login Status: HostId#87, Stat=5 
2015/10/14 16:56:55.991: PServer Login Status: HostId#88, Stat=5 
2015/10/14 18:11:36.191: PServer Login Status: HostId#88, Stat=0 
2015/10/14 18:11:36.223: PServer Login Status: HostId#88, Stat=1 
2015/10/14 18:11:36.285: PServer Login Status: HostId#88, Stat=4 
2015/10/14 18:11:36.395: PServer Login Status: HostId#88, Stat=5 
2015/10/14 18:21:00.519: Start Connect (Host: 10.68.89.2:8080)... 
2015/10/14 18:21:00.521: TServer Login Status: 1 
2015/10/14 18:21:00.783: TServer Login Status: 2 
2015/10/14 18:21:00.784: TServer Login Status: 4 
2015/10/14 18:21:00.784: Logging in ... 
2015/10/14 18:21:00.814: PServer Login Status: HostId#83, Stat=11 
2015/10/14 18:21:00.815: PServer Login Status: HostId#87, Stat=11 
2015/10/14 18:21:00.816: PServer Login Status: HostId#88, Stat=11 
2015/10/14 18:21:00.817: TServer Login Status: 5 
2015/10/14 18:21:00.817: Login OK (Host:)! 
2015/10/14 18:21:00.818: Account OK! 
2015/10/14 18:21:01.423: Load Data End: acc:, mask:128 
2015/10/14 18:21:03.455: Load Data End: acc:TIM01, mask:64 
2015/10/14 18:21:03.533: Load Data End: acc:TIM01, mask:2 
2015/10/14 18:21:03.564: Load Data End: acc:TIM01, mask:4 
2015/10/14 18:21:03.580: Load Data End: acc:TIM01, mask:8 
2015/10/14 18:21:03.596: PServer Login Status: HostId#83, Stat=1 
2015/10/14 18:21:03.627: PServer Login Status: HostId#87, Stat=1 
2015/10/14 18:21:03.642: PServer Login Status: HostId#88, Stat=1 
2015/10/14 18:21:03.673: PServer Login Status: HostId#83, Stat=4 
2015/10/14 18:21:03.689: Load Data Reply: acc:TIM01, mask:256, return:0 
2015/10/14 18:21:03.704: PServer Login Status: HostId#87, Stat=4 
2015/10/14 18:21:03.720: PServer Login Status: HostId#88, Stat=4 
2015/10/14 18:21:03.798: PServer Login Status: HostId#83, Stat=5 
2015/10/14 18:21:03.814: PServer Login Status: HostId#87, Stat=5 
2015/10/14 18:21:03.860: PServer Login Status: HostId#88, Stat=5 
2015/10/14 18:24:31.598: Start Connect (Host: 10.68.89.2:8080)... 
2015/10/14 18:24:31.602: TServer Login Status: 1 
2015/10/14 18:24:31.893: TServer Login Status: 2 
2015/10/14 18:24:31.900: TServer Login Status: 4 
2015/10/14 18:24:31.909: Logging in ... 
2015/10/14 18:24:31.924: PServer Login Status: HostId#83, Stat=11 
2015/10/14 18:24:31.939: PServer Login Status: HostId#87, Stat=11 
2015/10/14 18:24:31.940: PServer Login Status: HostId#88, Stat=11 
2015/10/14 18:24:31.941: TServer Login Status: 5 
2015/10/14 18:24:31.984: Login OK (Host:)! 
2015/10/14 18:24:31.986: Account OK! 
2015/10/14 18:24:32.533: Load Data End: acc:, mask:128 
2015/10/14 18:24:34.595: Load Data End: acc:TIM01, mask:64 
2015/10/14 18:24:34.674: Load Data End: acc:TIM01, mask:2 
2015/10/14 18:24:34.705: Load Data End: acc:TIM01, mask:4 
2015/10/14 18:24:34.721: Load Data End: acc:TIM01, mask:8 
2015/10/14 18:24:34.737: PServer Login Status: HostId#83, Stat=1 
2015/10/14 18:24:34.752: PServer Login Status: HostId#87, Stat=1 
2015/10/14 18:24:34.768: PServer Login Status: HostId#88, Stat=1 
2015/10/14 18:24:34.783: Load Data Reply: acc:TIM01, mask:256, return:0 
2015/10/14 18:24:34.830: PServer Login Status: HostId#83, Stat=4 
2015/10/14 18:24:34.841: PServer Login Status: HostId#87, Stat=4 
2015/10/14 18:24:34.861: PServer Login Status: HostId#88, Stat=4 
2015/10/14 18:24:34.955: PServer Login Status: HostId#83, Stat=5 
2015/10/14 18:24:34.969: PServer Login Status: HostId#87, Stat=5 
2015/10/14 18:24:34.986: PServer Login Status: HostId#88, Stat=5 
2015/10/14 18:32:49.614: Start Connect (Host: 10.68.89.2:8080)... 
2015/10/14 18:32:49.614: TServer Login Status: 1 
2015/10/14 18:32:49.868: TServer Login Status: 2 
2015/10/14 18:32:49.887: TServer Login Status: 4 
2015/10/14 18:32:49.888: Logging in ... 
2015/10/14 18:32:49.945: PServer Login Status: HostId#83, Stat=11 
2015/10/14 18:32:49.946: PServer Login Status: HostId#87, Stat=11 
2015/10/14 18:32:49.947: PServer Login Status: HostId#88, Stat=11 
2015/10/14 18:32:49.948: TServer Login Status: 5 
2015/10/14 18:32:49.948: Login OK (Host:)! 
2015/10/14 18:32:49.950: Account OK! 
2015/10/14 18:32:50.507: Load Data End: acc:, mask:128 
2015/10/14 18:32:52.491: Load Data End: acc:TIM01, mask:64 
2015/10/14 18:32:52.569: Load Data End: acc:TIM01, mask:2 
2015/10/14 18:32:52.600: Load Data End: acc:TIM01, mask:4 
2015/10/14 18:32:52.616: Load Data End: acc:TIM01, mask:8 
2015/10/14 18:32:52.632: PServer Login Status: HostId#83, Stat=1 
2015/10/14 18:32:52.648: PServer Login Status: HostId#87, Stat=1 
2015/10/14 18:32:52.664: PServer Login Status: HostId#88, Stat=1 
2015/10/14 18:32:52.679: Load Data Reply: acc:TIM01, mask:256, return:0 
2015/10/14 18:32:52.741: PServer Login Status: HostId#83, Stat=4 
2015/10/14 18:32:52.757: PServer Login Status: HostId#87, Stat=4 
2015/10/14 18:32:52.773: PServer Login Status: HostId#88, Stat=4 
2015/10/14 18:32:52.944: PServer Login Status: HostId#83, Stat=5 
2015/10/14 18:32:52.956: PServer Login Status: HostId#87, Stat=5 
2015/10/14 18:32:52.975: PServer Login Status: HostId#88, Stat=5 
2015/10/14 18:43:08.996: PServer Login Status: HostId#83, Stat=0 
2015/10/14 18:43:09.007: PServer Login Status: HostId#83, Stat=1 
2015/10/14 18:43:09.074: PServer Login Status: HostId#83, Stat=4 
2015/10/14 18:43:09.184: PServer Login Status: HostId#83, Stat=5 
2015/10/14 18:45:27.989: PServer Login Status: HostId#83, Stat=0 
2015/10/14 18:45:27.993: PServer Login Status: HostId#83, Stat=1 
2015/10/14 18:45:28.098: PServer Login Status: HostId#83, Stat=4 
2015/10/14 18:45:28.285: PServer Login Status: HostId#83, Stat=5 
2015/10/14 18:46:14.130: Start Connect (Host: 10.68.89.2:8080)... 
2015/10/14 18:46:14.130: TServer Login Status: 1 
2015/10/14 18:46:14.411: TServer Login Status: 2 
2015/10/14 18:46:14.415: TServer Login Status: 4 
2015/10/14 18:46:14.415: Logging in ... 
2015/10/14 18:46:14.442: PServer Login Status: HostId#83, Stat=11 
2015/10/14 18:46:14.448: PServer Login Status: HostId#87, Stat=11 
2015/10/14 18:46:14.453: PServer Login Status: HostId#88, Stat=11 
2015/10/14 18:46:14.454: TServer Login Status: 5 
2015/10/14 18:46:14.457: Login OK (Host:)! 
2015/10/14 18:46:14.459: Account OK! 
2015/10/14 18:46:15.020: Load Data End: acc:, mask:128 
2015/10/14 18:46:17.004: Load Data End: acc:TIM01, mask:64 
2015/10/14 18:46:17.082: Load Data End: acc:TIM01, mask:2 
2015/10/14 18:46:17.114: Load Data End: acc:TIM01, mask:4 
2015/10/14 18:46:17.129: Load Data End: acc:TIM01, mask:8 
2015/10/14 18:46:17.146: PServer Login Status: HostId#83, Stat=1 
2015/10/14 18:46:17.161: PServer Login Status: HostId#87, Stat=1 
2015/10/14 18:46:17.177: PServer Login Status: HostId#88, Stat=1 
2015/10/14 18:46:17.192: Load Data Reply: acc:TIM01, mask:256, return:0 
2015/10/14 18:46:17.238: PServer Login Status: HostId#83, Stat=4 
2015/10/14 18:46:17.254: PServer Login Status: HostId#87, Stat=4 
2015/10/14 18:46:17.270: PServer Login Status: HostId#88, Stat=4 
2015/10/14 18:46:17.379: PServer Login Status: HostId#83, Stat=5 
2015/10/14 18:46:17.397: PServer Login Status: HostId#87, Stat=5 
2015/10/14 18:46:17.426: PServer Login Status: HostId#88, Stat=5 
2015/10/14 18:59:53.598: Start Connect (Host: 10.68.89.2:8080)... 
2015/10/14 18:59:53.598: TServer Login Status: 1 
2015/10/14 18:59:53.868: TServer Login Status: 2 
2015/10/14 18:59:53.879: TServer Login Status: 4 
2015/10/14 18:59:53.880: Logging in ... 
2015/10/14 18:59:53.900: PServer Login Status: HostId#83, Stat=11 
2015/10/14 18:59:53.901: PServer Login Status: HostId#87, Stat=11 
2015/10/14 18:59:53.903: PServer Login Status: HostId#88, Stat=11 
2015/10/14 18:59:53.903: TServer Login Status: 5 
2015/10/14 18:59:53.904: Login OK (Host:)! 
2015/10/14 18:59:53.906: Account OK! 
2015/10/14 18:59:54.462: Load Data End: acc:, mask:128 
2015/10/14 18:59:56.446: Load Data End: acc:TIM01, mask:64 
2015/10/14 18:59:56.524: Load Data End: acc:TIM01, mask:2 
2015/10/14 18:59:56.556: Load Data End: acc:TIM01, mask:4 
2015/10/14 18:59:56.571: Load Data End: acc:TIM01, mask:8 
2015/10/14 18:59:56.587: PServer Login Status: HostId#83, Stat=1 
2015/10/14 18:59:56.603: PServer Login Status: HostId#87, Stat=1 
2015/10/14 18:59:56.622: PServer Login Status: HostId#88, Stat=1 
2015/10/14 18:59:56.634: Load Data Reply: acc:TIM01, mask:256, return:0 
2015/10/14 18:59:56.665: PServer Login Status: HostId#83, Stat=4 
2015/10/14 18:59:56.681: PServer Login Status: HostId#87, Stat=4 
2015/10/14 18:59:56.696: PServer Login Status: HostId#88, Stat=4 
2015/10/14 18:59:56.790: PServer Login Status: HostId#83, Stat=5 
2015/10/14 18:59:56.821: PServer Login Status: HostId#87, Stat=5 
2015/10/14 18:59:56.833: PServer Login Status: HostId#88, Stat=5 
2015/10/14 19:45:26.536: PServer Login Status: HostId#83, Stat=0 
2015/10/14 19:45:26.542: PServer Login Status: HostId#83, Stat=1 
2015/10/14 19:45:26.614: PServer Login Status: HostId#83, Stat=4 
2015/10/14 19:45:26.694: PServer Login Status: HostId#83, Stat=5 
2015/10/14 19:49:00.881: PServer Login Status: HostId#83, Stat=6 
2015/10/14 19:49:00.887: PServer Login Status: HostId#87, Stat=6 
2015/10/14 19:49:00.896: PServer Login Status: HostId#88, Stat=6 
2015/10/14 19:49:00.898: Start Logout ... 
2015/10/14 19:49:00.899: TServer Login Status: 0 
2015/10/14 19:49:00.901: Start Connect (Host: 10.68.89.2:8080)... 
2015/10/14 19:49:00.902: TServer Login Status: 1 
2015/10/14 19:49:00.985: PServer Login Status: HostId#83, Stat=7 
2015/10/14 19:49:00.987: PServer Login Status: HostId#87, Stat=7 
2015/10/14 19:49:00.990: PServer Login Status: HostId#88, Stat=7 
2015/10/14 19:49:01.053: PServer Login Status: HostId#83, Stat=0 
2015/10/14 19:49:01.085: PServer Login Status: HostId#87, Stat=0 
2015/10/14 19:49:01.086: PServer Login Status: HostId#88, Stat=0 
2015/10/14 19:49:01.099: TServer Login Status: 2 
2015/10/14 19:49:01.119: TServer Login Status: 4 
2015/10/14 19:49:01.120: Logging in ... 
2015/10/14 19:49:01.272: PServer Login Status: HostId#83, Stat=11 
2015/10/14 19:49:01.274: PServer Login Status: HostId#87, Stat=11 
2015/10/14 19:49:01.275: PServer Login Status: HostId#88, Stat=11 
2015/10/14 19:49:01.276: TServer Login Status: 5 
2015/10/14 19:49:01.277: Login OK (Host:)! 
2015/10/14 19:49:01.279: Account OK! 
2015/10/14 19:49:01.834: Load Data End: acc:, mask:128 
2015/10/14 19:49:03.829: Load Data End: acc:TIM01, mask:64 
2015/10/14 19:49:03.896: Load Data End: acc:TIM01, mask:2 
2015/10/14 19:49:03.927: Load Data End: acc:TIM01, mask:4 
2015/10/14 19:49:03.943: Load Data End: acc:TIM01, mask:8 
2015/10/14 19:49:03.959: PServer Login Status: HostId#83, Stat=1 
2015/10/14 19:49:03.991: PServer Login Status: HostId#87, Stat=1 
2015/10/14 19:49:04.006: PServer Login Status: HostId#88, Stat=1 
2015/10/14 19:49:04.021: Load Data Reply: acc:TIM01, mask:256, return:0 
2015/10/14 19:49:04.036: PServer Login Status: HostId#83, Stat=4 
2015/10/14 19:49:04.068: PServer Login Status: HostId#87, Stat=4 
2015/10/14 19:49:04.083: PServer Login Status: HostId#88, Stat=4 
2015/10/14 19:49:04.177: PServer Login Status: HostId#83, Stat=5 
2015/10/14 19:49:04.193: PServer Login Status: HostId#87, Stat=5 
2015/10/14 19:49:04.208: PServer Login Status: HostId#88, Stat=5 
2015/10/14 19:49:06.833: Load Data End: acc:TIM01, mask:2 
2015/10/14 19:49:06.865: Load Data End: acc:TIM01, mask:4 
2015/10/14 19:49:06.880: Load Data End: acc:TIM01, mask:8 
2015/10/14 19:49:11.333: Load Data End: acc:TIM01, mask:2 
2015/10/14 19:49:11.364: Load Data End: acc:TIM01, mask:4 
2015/10/14 19:49:11.393: Load Data End: acc:TIM01, mask:8 
2015/10/14 19:52:13.019: PServer Login Status: HostId#83, Stat=0 
2015/10/14 19:52:13.026: PServer Login Status: HostId#83, Stat=1 
2015/10/14 19:52:13.091: PServer Login Status: HostId#83, Stat=4 
2015/10/14 19:52:13.193: PServer Login Status: HostId#83, Stat=5 
2015/10/14 20:03:32.941: PServer Login Status: HostId#83, Stat=0 
2015/10/14 20:03:32.944: PServer Login Status: HostId#83, Stat=1 
2015/10/14 20:03:33.020: PServer Login Status: HostId#83, Stat=4 
2015/10/14 20:03:33.145: PServer Login Status: HostId#83, Stat=5 
2015/10/14 22:49:39.489: PServer Login Status: HostId#83, Stat=6 
2015/10/14 22:49:39.494: PServer Login Status: HostId#87, Stat=6 
2015/10/14 22:49:39.496: PServer Login Status: HostId#88, Stat=6 
2015/10/14 22:49:39.499: Start Logout ... 
2015/10/14 22:49:39.500: TServer Login Status: 0 
2015/10/14 22:49:39.507: Start Connect (Host: 10.68.89.2:8080)... 
2015/10/14 22:49:39.508: TServer Login Status: 1 
2015/10/14 22:49:39.575: PServer Login Status: HostId#87, Stat=7 
2015/10/14 22:49:39.590: PServer Login Status: HostId#88, Stat=7 
2015/10/14 22:49:39.613: TServer Login Status: 2 
2015/10/14 22:49:39.615: TServer Login Status: 4 
2015/10/14 22:49:39.618: Logging in ... 
2015/10/14 22:49:39.644: TServer Login Status: 5 
2015/10/14 22:49:39.653: Login OK (Host:)! 
2015/10/14 22:49:39.669: Account OK! 
2015/10/14 22:49:39.677: PServer Login Status: HostId#87, Stat=0 
2015/10/14 22:49:39.679: PServer Login Status: HostId#88, Stat=0 
2015/10/14 22:49:40.066: PServer Login Status: HostId#83, Stat=7 
2015/10/14 22:49:40.144: PServer Login Status: HostId#83, Stat=0 
2015/10/14 22:49:40.239: Load Data End: acc:, mask:128 
2015/10/14 22:49:42.269: Load Data End: acc:TIM01, mask:64 
2015/10/14 22:49:42.348: Load Data End: acc:TIM01, mask:2 
2015/10/14 22:49:42.379: Load Data End: acc:TIM01, mask:4 
2015/10/14 22:49:42.394: Load Data End: acc:TIM01, mask:8 
2015/10/14 22:49:42.410: Load Data Reply: acc:TIM01, mask:256, return:0 
2015/10/14 22:49:48.956: Load Data End: acc:TIM01, mask:2 
2015/10/14 22:49:48.989: Load Data End: acc:TIM01, mask:4 
2015/10/14 22:49:49.019: Load Data End: acc:TIM01, mask:8 
2015/10/14 22:49:52.144: Load Data End: acc:TIM01, mask:2 
2015/10/14 22:49:52.175: Load Data End: acc:TIM01, mask:4 
2015/10/14 22:49:52.191: Load Data End: acc:TIM01, mask:8 
2015/10/14 23:37:23.191: Start Connect (Host: 10.68.89.2:8080)... 
2015/10/14 23:37:23.192: TServer Login Status: 1 
2015/10/14 23:37:23.511: TServer Login Status: 2 
2015/10/14 23:37:23.512: TServer Login Status: 4 
2015/10/14 23:37:23.512: Logging in ... 
2015/10/14 23:37:23.541: PServer Login Status: HostId#83, Stat=11 
2015/10/14 23:37:23.553: PServer Login Status: HostId#87, Stat=11 
2015/10/14 23:37:23.554: PServer Login Status: HostId#88, Stat=11 
2015/10/14 23:37:23.555: TServer Login Status: 5 
2015/10/14 23:37:23.557: Login OK (Host:)! 
2015/10/14 23:37:23.558: Account OK! 
2015/10/14 23:37:24.120: Load Data End: acc:, mask:128 
2015/10/14 23:37:26.120: Load Data End: acc:TIM01, mask:64 
2015/10/14 23:37:26.198: Load Data End: acc:TIM01, mask:2 
2015/10/14 23:37:26.229: Load Data End: acc:TIM01, mask:4 
2015/10/14 23:37:26.246: Load Data End: acc:TIM01, mask:8 
2015/10/14 23:37:26.261: PServer Login Status: HostId#83, Stat=1 
2015/10/14 23:37:26.277: PServer Login Status: HostId#87, Stat=1 
2015/10/14 23:37:26.292: PServer Login Status: HostId#88, Stat=1 
2015/10/14 23:37:26.307: Load Data Reply: acc:TIM01, mask:256, return:0 
2015/10/14 23:37:26.354: PServer Login Status: HostId#83, Stat=4 
2015/10/14 23:37:26.361: PServer Login Status: HostId#87, Stat=4 
2015/10/14 23:37:26.369: PServer Login Status: HostId#88, Stat=4 
2015/10/14 23:37:26.510: PServer Login Status: HostId#83, Stat=5 
2015/10/14 23:37:26.520: PServer Login Status: HostId#87, Stat=5 
2015/10/14 23:37:26.541: PServer Login Status: HostId#88, Stat=5 
2015/10/14 23:47:50.739: PServer Login Status: HostId#88, Stat=0 
2015/10/14 23:47:50.748: PServer Login Status: HostId#88, Stat=1 
2015/10/14 23:47:50.895: PServer Login Status: HostId#88, Stat=4 
2015/10/14 23:47:51.209: PServer Login Status: HostId#88, Stat=5 
2015/10/14 23:59:56.705: Load Data End: acc:TIM01, mask:2 
2015/10/14 23:59:56.770: Load Data End: acc:TIM01, mask:4 
2015/10/14 23:59:56.804: Load Data End: acc:TIM01, mask:8 
